Target URL : https://twitter.com/Catshealdeprsn
Search Query : from:Catshealdeprsn include:retweets include:nativeretweets
[@Catshealdeprsn] Tweet range : <unspecified> (unknown) - <unspecified> (unknown)
Image : on  /  GIF : off  /  Video : on  /  No media : off  /  include RTs : off
Search filters: 
--------------------------------------------------------------------------------
1. 2021/04/25 14:56:21 https://twitter.com/Catshealdeprsn/status/1386393660456017920
  vid1) https://video.twimg.com/ext_tw_video/1386393580109922304/pu/vid/576x1024/4HAKy3lG3KArDdAV.mp4?tag=12
2. 2021/04/25 00:13:38 https://twitter.com/Catshealdeprsn/status/1386171518753796096
  img1) https://pbs.twimg.com/media/EzyrpYnVcAESv6C?format=jpg&name=orig
3. 2021/04/24 21:31:55 https://twitter.com/Catshealdeprsn/status/1386130821480738817
  vid1) https://video.twimg.com/ext_tw_video/1386130748269240321/pu/vid/576x1024/BCcKWzgswgiMEtAH.mp4?tag=12
4. 2021/04/24 09:49:17 https://twitter.com/Catshealdeprsn/status/1385953999497560064
  vid1) https://video.twimg.com/ext_tw_video/1385953748439027713/pu/vid/464x848/6e-f3dZEb2OfzTQT.mp4?tag=12
5. 2021/04/24 08:05:15 https://twitter.com/Catshealdeprsn/status/1385927816483536901
  img1) https://pbs.twimg.com/media/EzvN_2gVcAQgtRB?format=jpg&name=orig
6. 2021/04/23 16:42:44 https://twitter.com/Catshealdeprsn/status/1385695658561073152
  vid1) https://video.twimg.com/ext_tw_video/1385695640416440323/pu/vid/236x360/sLGMm1APeiPFFDBC.mp4?tag=12
7. 2021/04/23 14:11:09 https://twitter.com/Catshealdeprsn/status/1385657511751995392
  vid1) https://video.twimg.com/ext_tw_video/1385657365681168386/pu/vid/512x640/OHnpddeT6YUup2lW.mp4?tag=12
8. 2021/04/23 12:28:34 https://twitter.com/Catshealdeprsn/status/1385631695664074755
  img1) https://pbs.twimg.com/media/EzrArqZVkAEky5u?format=jpg&name=orig
9. 2021/04/23 09:11:54 https://twitter.com/Catshealdeprsn/status/1385582202864341002
  img1) https://pbs.twimg.com/media/EzqTp3oVIAIW1pc?format=jpg&name=orig
  img2) https://pbs.twimg.com/media/EzqTqi8VUAELCE0?format=jpg&name=orig
10. 2021/04/23 08:18:01 https://twitter.com/Catshealdeprsn/status/1385568640599138306
  img1) https://pbs.twimg.com/media/EzqHVK0VcAwgdvT?format=jpg&name=orig
  img2) https://pbs.twimg.com/media/EzqHVZvUcAIM565?format=jpg&name=orig
11. 2021/04/23 06:38:01 https://twitter.com/Catshealdeprsn/status/1385543475349712897
  vid1) https://video.twimg.com/ext_tw_video/1385543449978445824/pu/vid/260x360/8TbunqDHCNEiVAuv.mp4?tag=12
12. 2021/04/22 22:01:49 https://twitter.com/Catshealdeprsn/status/1385413568472838146
  vid1) https://video.twimg.com/ext_tw_video/1385413515444297731/pu/vid/576x1024/r35uuJQnAVrZ0iJ4.mp4?tag=12
13. 2021/04/22 12:15:12 https://twitter.com/Catshealdeprsn/status/1385265942616154114
  img1) https://pbs.twimg.com/media/Ezl0CHIVkAI3Rjr?format=jpg&name=orig
14. 2021/04/22 00:10:56 https://twitter.com/Catshealdeprsn/status/1385083675558043651
  vid1) https://video.twimg.com/ext_tw_video/1385083649251364868/pu/vid/530x854/j07eVo78UsSuPN4e.mp4?tag=12
15. 2021/04/21 14:18:43 https://twitter.com/Catshealdeprsn/status/1384934638586667012
  img1) https://pbs.twimg.com/media/EzhGtOtVkAEJrgW?format=jpg&name=orig
  img2) https://pbs.twimg.com/media/EzhGtoPUYAAOTZK?format=jpg&name=orig
16. 2021/04/21 09:30:11 https://twitter.com/Catshealdeprsn/status/1384862029165457410
  img1) https://pbs.twimg.com/media/EzgErEuVEAog7ds?format=jpg&name=orig
17. 2021/04/21 05:40:40 https://twitter.com/Catshealdeprsn/status/1384804268448763905
  img1) https://pbs.twimg.com/media/EzfQGxpUcAE46M9?format=jpg&name=orig
18. 2021/04/20 22:25:00 https://twitter.com/Catshealdeprsn/status/1384694630097162241
  vid1) https://video.twimg.com/ext_tw_video/1384694372763983876/pu/vid/720x1280/ZkqxLhjMAGZGFvmd.mp4?tag=12
19. 2021/04/20 14:23:30 https://twitter.com/Catshealdeprsn/status/1384573455459180546
  vid1) https://video.twimg.com/ext_tw_video/1384573207089336327/pu/vid/640x800/7usBLEFD--FP8diz.mp4?tag=12
20. 2021/04/20 13:03:11 https://twitter.com/Catshealdeprsn/status/1384553242240028673
  vid1) https://video.twimg.com/ext_tw_video/1384553044818333696/pu/vid/480x624/GWwnCWeQZNsC_X5c.mp4?tag=12
21. 2021/04/20 11:51:33 https://twitter.com/Catshealdeprsn/status/1384535215721259013
  img1) https://pbs.twimg.com/media/EzbbaseVIAwl2jp?format=jpg&name=orig
22. 2021/04/20 10:40:15 https://twitter.com/Catshealdeprsn/status/1384517270936846336
  img1) https://pbs.twimg.com/media/EzbLHUvVkAABaH8?format=jpg&name=orig
  img2) https://pbs.twimg.com/media/EzbLHpMUUAE-CvK?format=jpg&name=orig
23. 2021/04/20 09:37:26 https://twitter.com/Catshealdeprsn/status/1384501463045443590
  vid1) https://video.twimg.com/ext_tw_video/1384501355927064579/pu/vid/576x1024/3_-VIbnSJOexTYOU.mp4?tag=12
24. 2021/04/19 20:31:35 https://twitter.com/Catshealdeprsn/status/1384303699732795400
  vid1) https://video.twimg.com/ext_tw_video/1384303654060978179/pu/vid/576x1024/8J5-3RC5XHaexbL2.mp4?tag=12
25. 2021/04/19 14:41:17 https://twitter.com/Catshealdeprsn/status/1384215542551044103
  vid1) https://video.twimg.com/ext_tw_video/1384215493922344968/pu/vid/720x1280/1NIsOd--xlOLv-Bf.mp4?tag=12
26. 2021/04/19 13:25:47 https://twitter.com/Catshealdeprsn/status/1384196543511597056
  img1) https://pbs.twimg.com/media/EzWnaI9UYAISPCT?format=jpg&name=orig
27. 2021/04/19 12:08:26 https://twitter.com/Catshealdeprsn/status/1384177077411139589
  vid1) https://video.twimg.com/ext_tw_video/1384177026723041294/pu/vid/480x480/xtdTb4zcfxcixPpL.mp4?tag=12
28. 2021/04/19 10:20:42 https://twitter.com/Catshealdeprsn/status/1384149963832057863
  vid1) https://video.twimg.com/ext_tw_video/1384149809129410569/pu/vid/576x800/xPnGZQ9wZXlenfeQ.mp4?tag=12
29. 2021/04/19 08:05:56 https://twitter.com/Catshealdeprsn/status/1384116051135188995
  img1) https://pbs.twimg.com/media/EzVeM0hVoAM5R4s?format=jpg&name=orig
30. 2021/04/19 04:07:28 https://twitter.com/Catshealdeprsn/status/1384056037896978434
  vid1) https://video.twimg.com/ext_tw_video/1384055827774906370/pu/vid/576x912/lI8gaJpcX_QtT6I3.mp4?tag=12
31. 2021/04/19 00:00:54 https://twitter.com/Catshealdeprsn/status/1383993985874628613
  img1) https://pbs.twimg.com/media/EzTvLw_VUAUgaPj?format=jpg&name=orig
32. 2021/04/18 13:31:47 https://twitter.com/Catshealdeprsn/status/1383835664077058051
  vid1) https://video.twimg.com/ext_tw_video/1383835396941828104/pu/vid/384x480/iBDp7-7cK351IBpq.mp4?tag=12
33. 2021/04/18 00:29:52 https://twitter.com/Catshealdeprsn/status/1383638888812408834
  img1) https://pbs.twimg.com/media/EzOsK31VUAsE47e?format=jpg&name=orig
  img2) https://pbs.twimg.com/media/EzOsNbxUcAAG57i?format=jpg&name=orig
34. 2021/04/17 22:09:37 https://twitter.com/Catshealdeprsn/status/1383603592137908234
  img1) https://pbs.twimg.com/media/EzOMEbOVIAcf14D?format=jpg&name=orig
  img2) https://pbs.twimg.com/media/EzOMIcWVEAU4zCx?format=jpg&name=orig
35. 2021/04/17 13:02:30 https://twitter.com/Catshealdeprsn/status/1383465905699528715
  vid1) https://video.twimg.com/ext_tw_video/1383465762732396544/pu/vid/480x480/m7QB9EsOCW36vlmF.mp4?tag=12
36. 2021/04/17 11:56:25 https://twitter.com/Catshealdeprsn/status/1383449274759880709
  img1) https://pbs.twimg.com/media/EzL_xuIVgAQW1vD?format=jpg&name=orig
  img2) https://pbs.twimg.com/media/EzL_yF-VgAE3wt-?format=jpg&name=orig
37. 2021/04/17 10:50:32 https://twitter.com/Catshealdeprsn/status/1383432697964490766
  vid1) https://video.twimg.com/ext_tw_video/1383432570445070337/pu/vid/640x800/-1D596ocUfB8AOFs.mp4?tag=12
38. 2021/04/17 08:17:56 https://twitter.com/Catshealdeprsn/status/1383394294917058570
  img1) https://pbs.twimg.com/media/EzLNuxLVUAUrrd3?format=jpg&name=orig
  img2) https://pbs.twimg.com/media/EzLNwLIVoBM5y4L?format=jpg&name=orig
39. 2021/04/17 00:25:17 https://twitter.com/Catshealdeprsn/status/1383275345416130569
  vid1) https://video.twimg.com/ext_tw_video/1383275285936623619/pu/vid/576x1024/YUgfGGOW_Ja1iUOu.mp4?tag=12
40. 2021/04/16 23:11:30 https://twitter.com/Catshealdeprsn/status/1383256780638064642
  vid1) https://video.twimg.com/ext_tw_video/1383256713831219200/pu/vid/544x896/xMRbBbAQQ_taUPdi.mp4?tag=12
41. 2021/04/16 22:15:43 https://twitter.com/Catshealdeprsn/status/1383242741631438849
  vid1) https://video.twimg.com/ext_tw_video/1383242584286371841/pu/vid/640x800/sSdr_dY198up3mM4.mp4?tag=12
42. 2021/04/16 21:01:47 https://twitter.com/Catshealdeprsn/status/1383224135610892298
  vid1) https://video.twimg.com/ext_tw_video/1383224091683942405/pu/vid/480x600/2DQLh1vYhTNLMTvD.mp4?tag=12
43. 2021/04/16 13:43:07 https://twitter.com/Catshealdeprsn/status/1383113742951485442
  img1) https://pbs.twimg.com/media/EzHOnMAVkAIRyDN?format=jpg&name=orig
  img2) https://pbs.twimg.com/media/EzHOneqVcAUd8pT?format=jpg&name=orig
44. 2021/04/16 11:36:49 https://twitter.com/Catshealdeprsn/status/1383081957882417153
  img1) https://pbs.twimg.com/media/EzGxr_MVkAYMk9o?format=jpg&name=orig
  img2) https://pbs.twimg.com/media/EzGxszoVkAQKhfG?format=jpg&name=orig
45. 2021/04/16 09:42:30 https://twitter.com/Catshealdeprsn/status/1383053187406458881
  img1) https://pbs.twimg.com/media/EzGXiEGUcAY_oS8?format=jpg&name=orig
46. 2021/04/16 08:21:33 https://twitter.com/Catshealdeprsn/status/1383032817379012609
  vid1) https://video.twimg.com/ext_tw_video/1383032772030189576/pu/vid/336x624/-RXvGBNeWL5InHhN.mp4?tag=12
47. 2021/04/16 07:26:05 https://twitter.com/Catshealdeprsn/status/1383018855572774914
  img1) https://pbs.twimg.com/media/EzF4UE5VgAAOGbe?format=jpg&name=orig
48. 2021/04/16 04:36:53 https://twitter.com/Catshealdeprsn/status/1382976276005150721
  vid1) https://video.twimg.com/ext_tw_video/1382975923259994112/pu/vid/640x640/SiFNzoInOZv6g9HG.mp4?tag=12
49. 2021/04/16 02:00:55 https://twitter.com/Catshealdeprsn/status/1382937027251884034
  img1) https://pbs.twimg.com/media/EzEt5FZUUAgZQT1?format=jpg&name=orig
50. 2021/04/16 00:57:26 https://twitter.com/Catshealdeprsn/status/1382921051860922373
  vid1) https://video.twimg.com/ext_tw_video/1382920863356309505/pu/vid/640x1136/MpbRb350i8eJyGCs.mp4?tag=12
51. 2021/04/15 23:04:10 https://twitter.com/Catshealdeprsn/status/1382892545714188290
  img1) https://pbs.twimg.com/media/EzEFbk7VgAIXTxc?format=jpg&name=orig
  img2) https://pbs.twimg.com/media/EzEFcOCVgAILKUp?format=jpg&name=orig
52. 2021/04/15 22:00:14 https://twitter.com/Catshealdeprsn/status/1382876456062054401
  img1) https://pbs.twimg.com/media/EzD2zYmVoAEg9Wv?format=jpg&name=orig
53. 2021/04/15 20:55:25 https://twitter.com/Catshealdeprsn/status/1382860145290403840
  vid1) https://video.twimg.com/ext_tw_video/1382860073873985537/pu/vid/256x320/UBul0sSOrOs3ISdk.mp4?tag=12
54. 2021/04/15 13:40:09 https://twitter.com/Catshealdeprsn/status/1382750607937736706
  vid1) https://video.twimg.com/ext_tw_video/1382750506888531972/pu/vid/640x800/bnoGSGs_PS3SUQ1C.mp4?tag=12
55. 2021/04/15 11:53:22 https://twitter.com/Catshealdeprsn/status/1382723734201454593
  img1) https://pbs.twimg.com/media/EzBr5VTVgAMwgTL?format=jpg&name=orig
  img2) https://pbs.twimg.com/media/EzBr5jIUUAEzmLs?format=jpg&name=orig
56. 2021/04/15 09:46:15 https://twitter.com/Catshealdeprsn/status/1382691743037022218
  vid1) https://video.twimg.com/ext_tw_video/1382691541232328711/pu/vid/256x320/PHRBPVTjWNqlYu30.mp4?tag=12
57. 2021/04/15 08:25:23 https://twitter.com/Catshealdeprsn/status/1382671394740183042
  vid1) https://video.twimg.com/ext_tw_video/1382671119228891145/pu/vid/640x640/fa6rIryE-Yvupo0m.mp4?tag=12
58. 2021/04/15 07:29:27 https://twitter.com/Catshealdeprsn/status/1382657316420345856
  img1) https://pbs.twimg.com/media/EzAvfTrVEAURzUW?format=jpg&name=orig
  img2) https://pbs.twimg.com/media/EzAvfmVUYAY5z6a?format=jpg&name=orig
  img3) https://pbs.twimg.com/media/EzAvfz4VgAATvJv?format=jpg&name=orig
  img4) https://pbs.twimg.com/media/EzAvgC1VEAcgz6d?format=jpg&name=orig
59. 2021/04/15 01:17:33 https://twitter.com/Catshealdeprsn/status/1382563725203279872
  vid1) https://video.twimg.com/ext_tw_video/1382563649261170688/pu/vid/640x640/QnEYhJuqgM8jjZgn.mp4?tag=12
60. 2021/04/14 23:45:43 https://twitter.com/Catshealdeprsn/status/1382540615678709762
  vid1) https://video.twimg.com/ext_tw_video/1382540578705997827/pu/vid/360x640/Tnl4pu0qVZWDTcqV.mp4?tag=12
61. 2021/04/14 22:38:23 https://twitter.com/Catshealdeprsn/status/1382523669855969282
  img1) https://pbs.twimg.com/media/Ey-177zVkAM-iAq?format=jpg&name=orig
  img2) https://pbs.twimg.com/media/Ey-18fCVoAY3Dq_?format=jpg&name=orig
62. 2021/04/14 20:41:53 https://twitter.com/Catshealdeprsn/status/1382494352799199234
  vid1) https://video.twimg.com/ext_tw_video/1382494231210594306/pu/vid/480x480/P95FiwKzk1Ls2t3o.mp4?tag=12
63. 2021/04/14 14:10:38 https://twitter.com/Catshealdeprsn/status/1382395890548109312
  vid1) https://video.twimg.com/ext_tw_video/1382395573643276292/pu/vid/640x800/Hob9vEgv9MKOPdQe.mp4?tag=12
64. 2021/04/14 12:16:07 https://twitter.com/Catshealdeprsn/status/1382367069803454464
  img1) https://pbs.twimg.com/media/Ey8ngl8VcAAVK_z?format=jpg&name=orig
  img2) https://pbs.twimg.com/media/Ey8nhJHVkAAByCl?format=jpg&name=orig
65. 2021/04/14 10:31:33 https://twitter.com/Catshealdeprsn/status/1382340754010370048
  vid1) https://video.twimg.com/ext_tw_video/1382340602298200066/pu/vid/640x1136/BHjOALZt7EXk-p5B.mp4?tag=12
66. 2021/04/14 06:28:56 https://twitter.com/Catshealdeprsn/status/1382279698256781313
  vid1) https://video.twimg.com/ext_tw_video/1382279568736673803/pu/vid/416x720/0kTY5FfHGerWmd5F.mp4?tag=12
67. 2021/04/14 05:22:00 https://twitter.com/Catshealdeprsn/status/1382262854355615746
  img1) https://pbs.twimg.com/media/Ey7IuXQVUAAixjR?format=jpg&name=orig
68. 2021/04/14 02:24:55 https://twitter.com/Catshealdeprsn/status/1382218291846860801
  vid1) https://video.twimg.com/ext_tw_video/1382218256748933120/pu/vid/640x640/qaFsA0qD5iTIqQ7e.mp4?tag=12
69. 2021/04/14 00:33:00 https://twitter.com/Catshealdeprsn/status/1382190125124186114
  vid1) https://video.twimg.com/ext_tw_video/1382190053183553539/pu/vid/340x640/MMenzW4Xp8R6ILf4.mp4?tag=12
70. 2021/04/13 23:23:07 https://twitter.com/Catshealdeprsn/status/1382172538705367044
  vid1) https://video.twimg.com/ext_tw_video/1382172441284251649/pu/vid/640x688/pLgV1d1p0vmVoLjX.mp4?tag=12
71. 2021/04/13 22:12:32 https://twitter.com/Catshealdeprsn/status/1382154776163487745
  vid1) https://video.twimg.com/ext_tw_video/1382154661776429060/pu/vid/576x1024/eQKaxU2SBtuxR58Z.mp4?tag=12
72. 2021/04/13 20:46:06 https://twitter.com/Catshealdeprsn/status/1382133023919935491
  img1) https://pbs.twimg.com/media/Ey5SqMtUYAMXwNd?format=jpg&name=orig
73. 2021/04/13 16:49:17 https://twitter.com/Catshealdeprsn/status/1382073428706873344
  vid1) https://video.twimg.com/ext_tw_video/1382073387204284420/pu/vid/640x800/fSx6N9E2zLGljAWP.mp4?tag=12
74. 2021/04/13 16:04:08 https://twitter.com/Catshealdeprsn/status/1382062064529596418
  img1) https://pbs.twimg.com/media/Ey4SHBOUYAAvt-8?format=jpg&name=orig
  img2) https://pbs.twimg.com/media/Ey4SHiMUcAUgwkd?format=jpg&name=orig
75. 2021/04/13 14:44:09 https://twitter.com/Catshealdeprsn/status/1382041936719085568
  vid1) https://video.twimg.com/ext_tw_video/1382041855894773761/pu/vid/640x736/zEGSrwBIXqOzYevf.mp4?tag=12
76. 2021/04/13 12:46:25 https://twitter.com/Catshealdeprsn/status/1382012310038843394
  img1) https://pbs.twimg.com/media/Ey3k3tjUYAMRyru?format=jpg&name=orig
77. 2021/04/13 11:17:03 https://twitter.com/Catshealdeprsn/status/1381989816816914444
  img1) https://pbs.twimg.com/media/Ey3QZibVoAU8ChZ?format=jpg&name=orig
  img2) https://pbs.twimg.com/media/Ey3QaIwVIAYA_nZ?format=jpg&name=orig
78. 2021/04/13 10:19:09 https://twitter.com/Catshealdeprsn/status/1381975245335097344
  vid1) https://video.twimg.com/ext_tw_video/1381975176032579584/pu/vid/640x640/e43G6XVRnVi699Ae.mp4?tag=12
79. 2021/04/13 08:53:59 https://twitter.com/Catshealdeprsn/status/1381953816329809921
  img1) https://pbs.twimg.com/media/Ey2vqqFVEAEl9t5?format=jpg&name=orig
  img2) https://pbs.twimg.com/media/Ey2vq21VoAMp_o1?format=jpg&name=orig
  img3) https://pbs.twimg.com/media/Ey2vrATU8AU5Syl?format=jpg&name=orig
80. 2021/04/13 07:02:50 https://twitter.com/Catshealdeprsn/status/1381925842486317063
  img1) https://pbs.twimg.com/media/Ey2WOBUVEAIwMNX?format=jpg&name=orig
  img2) https://pbs.twimg.com/media/Ey2WOoTVgAA37dz?format=jpg&name=orig
81. 2021/04/13 05:22:19 https://twitter.com/Catshealdeprsn/status/1381900547402260481
  vid1) https://video.twimg.com/ext_tw_video/1381900477445468165/pu/vid/640x800/Cp3u-ILvZ0h6cuWB.mp4?tag=12
82. 2021/04/13 02:03:04 https://twitter.com/Catshealdeprsn/status/1381850404510605314
  vid1) https://video.twimg.com/ext_tw_video/1381850307261390850/pu/vid/640x800/6HPLz4cSvstTzw7h.mp4?tag=12
83. 2021/04/13 00:48:35 https://twitter.com/Catshealdeprsn/status/1381831658026921984
  vid1) https://video.twimg.com/ext_tw_video/1381831567161487368/pu/vid/640x640/MCoAyuQYFdKkrVKT.mp4?tag=12
84. 2021/04/12 23:43:20 https://twitter.com/Catshealdeprsn/status/1381815240828968963
  img1) https://pbs.twimg.com/media/Ey0xoehUYAI3R1H?format=jpg&name=orig
85. 2021/04/12 22:44:29 https://twitter.com/Catshealdeprsn/status/1381800429277736964
  img1) https://pbs.twimg.com/media/Ey0kKN1UcAEXSvs?format=jpg&name=orig
  img2) https://pbs.twimg.com/media/Ey0kKqRUcAIYXqc?format=jpg&name=orig
86. 2021/04/12 21:55:15 https://twitter.com/Catshealdeprsn/status/1381788036875264002
  vid1) https://video.twimg.com/ext_tw_video/1381787854368505856/pu/vid/480x480/3F9UgMgG9_5DYbf1.mp4?tag=12
87. 2021/04/12 20:57:53 https://twitter.com/Catshealdeprsn/status/1381773601133588481
  img1) https://pbs.twimg.com/media/Ey0Lv5FVEAEWgaa?format=jpg&name=orig
  img2) https://pbs.twimg.com/media/Ey0LwmsVoAAPUay?format=jpg&name=orig
88. 2021/04/12 14:25:16 https://twitter.com/Catshealdeprsn/status/1381674795109031937
  vid1) https://video.twimg.com/ext_tw_video/1381673708947861505/pu/vid/480x720/LAxvj5gYRR7tfACX.mp4?tag=12
89. 2021/04/12 13:03:01 https://twitter.com/Catshealdeprsn/status/1381654098001289220
  img1) https://pbs.twimg.com/media/EyyfE-PU8AEgOUg?format=jpg&name=orig
90. 2021/04/12 11:43:20 https://twitter.com/Catshealdeprsn/status/1381634046564831239
  vid1) https://video.twimg.com/ext_tw_video/1381633797846835201/pu/vid/480x480/nPU53i0E4oRVvfEx.mp4?tag=12
91. 2021/04/12 10:30:52 https://twitter.com/Catshealdeprsn/status/1381615810020401153
  img1) https://pbs.twimg.com/media/Eyx8QaqVoAEEraB?format=jpg&name=orig
92. 2021/04/12 09:12:16 https://twitter.com/Catshealdeprsn/status/1381596026029498372
  vid1) https://video.twimg.com/ext_tw_video/1381595986288467978/pu/vid/480x688/BcudC34hr1qqBOzU.mp4?tag=12
93. 2021/04/12 08:23:08 https://twitter.com/Catshealdeprsn/status/1381583662613819392
  img1) https://pbs.twimg.com/media/EyxfAvWVEAAwweH?format=jpg&name=orig
94. 2021/04/12 07:14:14 https://twitter.com/Catshealdeprsn/status/1381566323776311296
  vid1) https://video.twimg.com/ext_tw_video/1381566079281991681/pu/vid/480x704/Jsp3eNiz9r8RvfPx.mp4?tag=12
95. 2021/04/12 06:22:46 https://twitter.com/Catshealdeprsn/status/1381553373476872192
  vid1) https://video.twimg.com/ext_tw_video/1381553257328209925/pu/vid/576x656/eZS6HgNFEmLafF6K.mp4?tag=12
96. 2021/04/12 03:46:55 https://twitter.com/Catshealdeprsn/status/1381514151793631233
  img1) https://pbs.twimg.com/media/EywfzFCVgAE-vgF?format=jpg&name=orig
97. 2021/04/11 23:52:05 https://twitter.com/Catshealdeprsn/status/1381455053051990017
  vid1) https://video.twimg.com/ext_tw_video/1381454945958785025/pu/vid/576x1082/WdLgQ5a-7cWuvoRw.mp4?tag=12
98. 2021/04/11 22:35:45 https://twitter.com/Catshealdeprsn/status/1381435842862837761
  img1) https://pbs.twimg.com/media/EyvYjfmVEAApdp1?format=jpg&name=orig
99. 2021/04/11 21:53:14 https://twitter.com/Catshealdeprsn/status/1381425144275423233
  img1) https://pbs.twimg.com/media/EyvO10VVoAEcjd0?format=jpg&name=orig
100. 2021/04/11 20:52:00 https://twitter.com/Catshealdeprsn/status/1381409734431940610
  vid1) https://video.twimg.com/ext_tw_video/1381409644942258177/pu/vid/480x480/S3aTcXOyAQRsvGk0.mp4?tag=12
101. 2021/04/11 14:15:28 https://twitter.com/Catshealdeprsn/status/1381309942519357441
  vid1) https://video.twimg.com/ext_tw_video/1381309570333646849/pu/vid/576x1024/VnhzBXBOvMZnv3kL.mp4?tag=12
102. 2021/04/11 13:06:22 https://twitter.com/Catshealdeprsn/status/1381292552595202049
  img1) https://pbs.twimg.com/media/EytWP9NU8AA45cg?format=jpg&name=orig
103. 2021/04/11 10:52:49 https://twitter.com/Catshealdeprsn/status/1381258942592901127
  vid1) https://video.twimg.com/ext_tw_video/1381258918962163715/pu/vid/400x368/L_J4DvaUo6-ClN14.mp4?tag=12
104. 2021/04/11 09:17:32 https://twitter.com/Catshealdeprsn/status/1381234966562885634
  vid1) https://video.twimg.com/ext_tw_video/1381234853794865152/pu/vid/540x960/DW6janMUT1RAKy7h.mp4?tag=12
105. 2021/04/11 08:23:19 https://twitter.com/Catshealdeprsn/status/1381221322781380612
  img1) https://pbs.twimg.com/media/EysVeNTU8AAbn-w?format=jpg&name=orig
106. 2021/04/11 07:38:37 https://twitter.com/Catshealdeprsn/status/1381210073288953869
  img1) https://pbs.twimg.com/media/EysLO8dVEAAvhg8?format=jpg&name=orig
107. 2021/04/11 06:23:38 https://twitter.com/Catshealdeprsn/status/1381191203215970309
  vid1) https://video.twimg.com/ext_tw_video/1381191180789018631/pu/vid/368x360/E11in4Ao6JYzNb8I.mp4?tag=12
108. 2021/04/11 02:41:29 https://twitter.com/Catshealdeprsn/status/1381135294116720643
  img1) https://pbs.twimg.com/media/EyrHMnoVcAUi73U?format=jpg&name=orig
  img2) https://pbs.twimg.com/media/EyrHNBOUcAASgjh?format=jpg&name=orig
  img3) https://pbs.twimg.com/media/EyrHOAMVoAYgyO0?format=jpg&name=orig
  img4) https://pbs.twimg.com/media/EyrHOdjVcAICiDR?format=jpg&name=orig
109. 2021/04/11 01:38:44 https://twitter.com/Catshealdeprsn/status/1381119503560441858
  vid1) https://video.twimg.com/ext_tw_video/1381119452398329856/pu/vid/576x1024/d7Q5LeMubaI_mslU.mp4?tag=12
110. 2021/04/11 00:22:03 https://twitter.com/Catshealdeprsn/status/1381100206712741888
  vid1) https://video.twimg.com/ext_tw_video/1381100092048863232/pu/vid/640x800/0PYlbiua6gvJ7i6C.mp4?tag=12
111. 2021/04/10 23:04:42 https://twitter.com/Catshealdeprsn/status/1381080740960432128
  img1) https://pbs.twimg.com/media/EyqVlpxU4AExp6I?format=jpg&name=orig
  img2) https://pbs.twimg.com/media/EyqVmtOUYAEFrjA?format=jpg&name=orig
112. 2021/04/10 21:16:55 https://twitter.com/Catshealdeprsn/status/1381053614265827328
  img1) https://pbs.twimg.com/media/Eyp879EVgAILZ1Z?format=jpg&name=orig
113. 2021/04/10 14:50:58 https://twitter.com/Catshealdeprsn/status/1380956488185769986
  vid1) https://video.twimg.com/ext_tw_video/1380956473144963076/pu/vid/320x240/O6ZHAcFAMABSW9SX.mp4?tag=12
114. 2021/04/10 13:39:10 https://twitter.com/Catshealdeprsn/status/1380938420348809216
  img1) https://pbs.twimg.com/media/EyoUJJMVcAIwANY?format=jpg&name=orig
115. 2021/04/10 12:26:36 https://twitter.com/Catshealdeprsn/status/1380920158328221699
  vid1) https://video.twimg.com/ext_tw_video/1380919711899115523/pu/vid/360x640/ITuYyGRbvE_u_pkT.mp4?tag=12
116. 2021/04/10 10:37:27 https://twitter.com/Catshealdeprsn/status/1380892689822965768
  img1) https://pbs.twimg.com/media/Eynqk-LWYAQhWCQ?format=jpg&name=orig
117. 2021/04/10 09:45:50 https://twitter.com/Catshealdeprsn/status/1380879698402570246
  img1) https://pbs.twimg.com/media/EynewumWQAE1vEJ?format=jpg&name=orig
118. 2021/04/10 07:26:45 https://twitter.com/Catshealdeprsn/status/1380844697128640516
  vid1) https://video.twimg.com/ext_tw_video/1380844527980670981/pu/vid/640x1138/ZuVP3GjR3iWBBC8s.mp4?tag=12
119. 2021/04/10 06:02:04 https://twitter.com/Catshealdeprsn/status/1380823387535106048
  img1) https://pbs.twimg.com/media/EymrfKbVIAIjW-8?format=jpg&name=orig
  img2) https://pbs.twimg.com/media/EymrgpFUcAEJH0e?format=jpg&name=orig
120. 2021/04/10 02:45:45 https://twitter.com/Catshealdeprsn/status/1380773982459154433
  vid1) https://video.twimg.com/ext_tw_video/1380773590014959618/pu/vid/640x1138/zXdNXAmCtQ1NLL_u.mp4?tag=12
121. 2021/04/10 00:02:13 https://twitter.com/Catshealdeprsn/status/1380732827461767169
  vid1) https://video.twimg.com/ext_tw_video/1380732390822141953/pu/vid/480x608/_Zz_9QVSCB6Ja2hz.mp4?tag=12
122. 2021/04/09 22:40:52 https://twitter.com/Catshealdeprsn/status/1380712354766188545
  img1) https://pbs.twimg.com/media/EylGkHVUcAMWZWs?format=jpg&name=orig
123. 2021/04/09 20:35:12 https://twitter.com/Catshealdeprsn/status/1380680729634304005
  vid1) https://video.twimg.com/ext_tw_video/1380680666069704706/pu/vid/640x352/CP1b3H_Mh248mrMV.mp4?tag=12
124. 2021/04/09 14:38:33 https://twitter.com/Catshealdeprsn/status/1380590977337856000
  img1) https://pbs.twimg.com/media/EyjYJ5eUYAMfujK?format=jpg&name=orig
125. 2021/04/09 13:22:45 https://twitter.com/Catshealdeprsn/status/1380571900175282177
  vid1) https://video.twimg.com/ext_tw_video/1380571846597222402/pu/vid/360x360/8OSNzyWpxLGdEVoO.mp4?tag=12
126. 2021/04/09 12:00:55 https://twitter.com/Catshealdeprsn/status/1380551307493171200
  vid1) https://video.twimg.com/ext_tw_video/1380550917238398977/pu/vid/202x360/lCapI4srmFtC3qbK.mp4?tag=12
127. 2021/04/09 10:40:09 https://twitter.com/Catshealdeprsn/status/1380530981661155328
  img1) https://pbs.twimg.com/media/Eyihl8DVoAE-_Lp?format=jpg&name=orig
  img2) https://pbs.twimg.com/media/EyihmnjUYAIiKD6?format=jpg&name=orig
128. 2021/04/09 06:42:30 https://twitter.com/Catshealdeprsn/status/1380471174161780737
  img1) https://pbs.twimg.com/media/EyhrMBCUYAYajTj?format=jpg&name=orig
  img2) https://pbs.twimg.com/media/EyhrN16VgAITKaC?format=jpg&name=orig
129. 2021/04/09 04:07:49 https://twitter.com/Catshealdeprsn/status/1380432247652642819
  img1) https://pbs.twimg.com/media/EyhHzl7U8AAON7F?format=jpg&name=orig
130. 2021/04/09 02:54:48 https://twitter.com/Catshealdeprsn/status/1380413873480626176
  img1) https://pbs.twimg.com/media/Eyg3GesVgAMqPQu?format=jpg&name=orig
131. 2021/04/09 01:55:09 https://twitter.com/Catshealdeprsn/status/1380398858643992577
  vid1) https://video.twimg.com/ext_tw_video/1380398734387732483/pu/vid/560x672/ERreDkkQpNYsoXvP.mp4?tag=12
132. 2021/04/09 00:55:14 https://twitter.com/Catshealdeprsn/status/1380383783229267968
  img1) https://pbs.twimg.com/media/Eygbu_EUcAIrwoQ?format=jpg&name=orig
133. 2021/04/08 23:48:22 https://twitter.com/Catshealdeprsn/status/1380366953441849345
  img1) https://pbs.twimg.com/media/EygMbYVUUAEix49?format=jpg&name=orig
134. 2021/04/08 21:40:47 https://twitter.com/Catshealdeprsn/status/1380334845771931648
  vid1) https://video.twimg.com/ext_tw_video/1380334781016072199/pu/vid/640x800/eU965M6TXZY4idao.mp4?tag=12
135. 2021/04/08 20:52:23 https://twitter.com/Catshealdeprsn/status/1380322667362873345
  vid1) https://video.twimg.com/ext_tw_video/1380322633728724995/pu/vid/576x1082/25pPKTrajtjB8gmq.mp4?tag=12
136. 2021/04/08 15:37:09 https://twitter.com/Catshealdeprsn/status/1380243333788798976
  vid1) https://video.twimg.com/ext_tw_video/1380243237902852097/pu/vid/532x640/8rR44uMuTAHUqj2Y.mp4?tag=12
137. 2021/04/08 14:08:26 https://twitter.com/Catshealdeprsn/status/1380221009349931011
  vid1) https://video.twimg.com/ext_tw_video/1380220918820048897/pu/vid/640x1138/BT5EhonJx5ii5nDK.mp4?tag=12
138. 2021/04/08 12:34:39 https://twitter.com/Catshealdeprsn/status/1380197409142140931
  img1) https://pbs.twimg.com/media/EydyNxpUUAAUsvz?format=jpg&name=orig
  img2) https://pbs.twimg.com/media/EydyOU8VIAMsZYx?format=jpg&name=orig
139. 2021/04/08 10:53:35 https://twitter.com/Catshealdeprsn/status/1380171972085043201
  vid1) https://video.twimg.com/ext_tw_video/1380171938572607488/pu/vid/576x1024/SAWQVxtKiAQ8rDG0.mp4?tag=12
140. 2021/04/08 09:42:14 https://twitter.com/Catshealdeprsn/status/1380154018417246213
  img1) https://pbs.twimg.com/media/EydKwOTWYAEBK5-?format=jpg&name=orig
  img2) https://pbs.twimg.com/media/EydKwh4XMAwCrsZ?format=jpg&name=orig
141. 2021/04/08 08:19:39 https://twitter.com/Catshealdeprsn/status/1380133233254223878
  img1) https://pbs.twimg.com/media/Eyc32N5U4AQMNNV?format=jpg&name=orig
  img2) https://pbs.twimg.com/media/Eyc32xtVEAIZ1IB?format=jpg&name=orig
142. 2021/04/08 06:40:31 https://twitter.com/Catshealdeprsn/status/1380108286272307202
  vid1) https://video.twimg.com/ext_tw_video/1380108241925894145/pu/vid/640x800/Kx-gPjwh7FSv02wx.mp4?tag=12
143. 2021/04/08 05:34:24 https://twitter.com/Catshealdeprsn/status/1380091649972301828
  img1) https://pbs.twimg.com/media/EycSCc7VEAEx_9o?format=jpg&name=orig
  img2) https://pbs.twimg.com/media/EycSCoEVIAIZJa7?format=jpg&name=orig
144. 2021/04/08 01:33:16 https://twitter.com/Catshealdeprsn/status/1380030965364350982
  vid1) https://video.twimg.com/ext_tw_video/1380030874821926919/pu/vid/640x1138/Qp7mqOO3ynpIDGL1.mp4?tag=12
145. 2021/04/08 00:30:58 https://twitter.com/Catshealdeprsn/status/1380015285973905409
  img1) https://pbs.twimg.com/media/EybMkckVoAM_f3B?format=jpg&name=orig
  img2) https://pbs.twimg.com/media/EybMlIbVIAEBqJw?format=jpg&name=orig
146. 2021/04/07 22:54:30 https://twitter.com/Catshealdeprsn/status/1379991010680266754
  vid1) https://video.twimg.com/ext_tw_video/1379990779876110337/pu/vid/640x800/jQ8J7YD8BvgdsRvO.mp4?tag=12
147. 2021/04/07 13:37:52 https://twitter.com/Catshealdeprsn/status/1379850929508257794
  img1) https://pbs.twimg.com/media/EyY3Gx6U4AArXHJ?format=jpg&name=orig
148. 2021/04/07 11:42:32 https://twitter.com/Catshealdeprsn/status/1379821905964756993
  img1) https://pbs.twimg.com/media/EyYcsybVgAQMnwh?format=jpg&name=orig
  img2) https://pbs.twimg.com/media/EyYctBsVEAAsz0x?format=jpg&name=orig
  img3) https://pbs.twimg.com/media/EyYctO-VEAEAi1T?format=jpg&name=orig
  img4) https://pbs.twimg.com/media/EyYctdGVoAY_ewy?format=jpg&name=orig
149. 2021/04/07 09:42:06 https://twitter.com/Catshealdeprsn/status/1379791596741222411
  img1) https://pbs.twimg.com/media/EyYBJOFVIAMRZre?format=jpg&name=orig
150. 2021/04/07 08:34:00 https://twitter.com/Catshealdeprsn/status/1379774458508976137
  vid1) https://video.twimg.com/ext_tw_video/1379774416523993094/pu/vid/576x1024/5TT-Oo4Qj5TR14VU.mp4?tag=12
151. 2021/04/07 07:21:17 https://twitter.com/Catshealdeprsn/status/1379756160618688512
  img1) https://pbs.twimg.com/media/EyXg5-kU8AEbPB9?format=jpg&name=orig
  img2) https://pbs.twimg.com/media/EyXg6lbVIAMkcBM?format=jpg&name=orig
152. 2021/04/07 05:57:10 https://twitter.com/Catshealdeprsn/status/1379734989059674115
  img1) https://pbs.twimg.com/media/EyXNp3oUYAkGz5P?format=jpg&name=orig
153. 2021/04/07 04:01:48 https://twitter.com/Catshealdeprsn/status/1379705957333168130
  vid1) https://video.twimg.com/ext_tw_video/1379705914316320768/pu/vid/640x1262/y9YsXYQ16jQyNdzD.mp4?tag=12
154. 2021/04/07 01:57:16 https://twitter.com/Catshealdeprsn/status/1379674619146166272
  img1) https://pbs.twimg.com/media/EyWWv25VcAMtMW6?format=jpg&name=orig
  img2) https://pbs.twimg.com/media/EyWWwNyVcAA1Qv6?format=jpg&name=orig
155. 2021/04/06 23:08:55 https://twitter.com/Catshealdeprsn/status/1379632251885920257
  vid1) https://video.twimg.com/ext_tw_video/1379631980334043136/pu/vid/480x600/AzecAqg_j0l_JluV.mp4?tag=12
156. 2021/04/06 20:19:43 https://twitter.com/Catshealdeprsn/status/1379589669420036096
  img1) https://pbs.twimg.com/media/EyVJfHLU8AAfp1C?format=jpg&name=orig
  img2) https://pbs.twimg.com/media/EyVJfhIVcAASqxd?format=jpg&name=orig
157. 2021/04/06 19:36:29 https://twitter.com/Catshealdeprsn/status/1379578788229484546
  img1) https://pbs.twimg.com/media/EyU_j5UU4AAiBti?format=jpg&name=orig
158. 2021/04/06 17:27:25 https://twitter.com/Catshealdeprsn/status/1379546308969603072
  vid1) https://video.twimg.com/ext_tw_video/1379546265000636416/pu/vid/576x1024/NmXwEqoKGwQTaj_5.mp4?tag=12
159. 2021/04/06 13:36:08 https://twitter.com/Catshealdeprsn/status/1379488103400796160
  vid1) https://video.twimg.com/ext_tw_video/1379487679176306689/pu/vid/524x960/gDTFgYEn2IYrI6AW.mp4?tag=12
160. 2021/04/06 12:02:42 https://twitter.com/Catshealdeprsn/status/1379464589692182531
  vid1) https://video.twimg.com/ext_tw_video/1379464314403229701/pu/vid/512x640/tXNSfz61uDukBNX9.mp4?tag=12
161. 2021/04/06 10:42:21 https://twitter.com/Catshealdeprsn/status/1379444372433895428
  img1) https://pbs.twimg.com/media/EyTFVUCVcAAJ4Br?format=jpg&name=orig
  img2) https://pbs.twimg.com/media/EyTFVwNUYAIyhQ7?format=jpg&name=orig
  img3) https://pbs.twimg.com/media/EyTFV7vUYAUqMGd?format=jpg&name=orig
  img4) https://pbs.twimg.com/media/EyTFWGmVcAIIz9u?format=jpg&name=orig
162. 2021/04/06 09:31:10 https://twitter.com/Catshealdeprsn/status/1379426456724381698
  img1) https://pbs.twimg.com/media/EyS1CONVcA06wn3?format=jpg&name=orig
  img2) https://pbs.twimg.com/media/EyS1C6cVEAEcdGU?format=jpg&name=orig
163. 2021/04/06 08:31:56 https://twitter.com/Catshealdeprsn/status/1379411548712493059
  vid1) https://video.twimg.com/ext_tw_video/1379411498691260416/pu/vid/640x752/bVBHFiWnIyylGpw6.mp4?tag=12
164. 2021/04/06 07:03:29 https://twitter.com/Catshealdeprsn/status/1379389289751048195
  img1) https://pbs.twimg.com/media/EySTNwYVIAIw7FG?format=jpg&name=orig
165. 2021/04/06 05:25:24 https://twitter.com/Catshealdeprsn/status/1379364608528449539
  img1) https://pbs.twimg.com/media/EyR8zOZVEAEHM_0?format=jpg&name=orig
166. 2021/04/06 04:26:44 https://twitter.com/Catshealdeprsn/status/1379349842397306880
  img1) https://pbs.twimg.com/media/EyRvWiMVgAE7kG6?format=jpg&name=orig
  img2) https://pbs.twimg.com/media/EyRvW92VgAM_Bsf?format=jpg&name=orig
  img3) https://pbs.twimg.com/media/EyRvXfbVcAEjHTF?format=jpg&name=orig
167. 2021/04/06 02:28:46 https://twitter.com/Catshealdeprsn/status/1379320158552879104
  img1) https://pbs.twimg.com/media/EyRUVMKU4AYYoLd?format=jpg&name=orig
  img2) https://pbs.twimg.com/media/EyRUV1mU8AYSDAo?format=jpg&name=orig
  img3) https://pbs.twimg.com/media/EyRUWdsU8AgVBci?format=jpg&name=orig
  img4) https://pbs.twimg.com/media/EyRUXKQUYAIF9Ke?format=jpg&name=orig
168. 2021/04/06 00:53:42 https://twitter.com/Catshealdeprsn/status/1379296232284119040
  img1) https://pbs.twimg.com/media/EyQ-mi_U4AA3Kef?format=jpg&name=orig
  img2) https://pbs.twimg.com/media/EyQ-mx-UUAIkpcy?format=jpg&name=orig
169. 2021/04/05 23:49:54 https://twitter.com/Catshealdeprsn/status/1379280176014520321
  vid1) https://video.twimg.com/ext_tw_video/1379280073757319171/pu/vid/720x1280/D7Bgvkg_Te8BPuvw.mp4?tag=12
170. 2021/04/05 22:26:04 https://twitter.com/Catshealdeprsn/status/1379259077541294090
  vid1) https://video.twimg.com/ext_tw_video/1379259012076597250/pu/vid/540x960/75ToVjJlNbwb-flc.mp4?tag=12
171. 2021/04/05 20:31:31 https://twitter.com/Catshealdeprsn/status/1379230253692809216
  img1) https://pbs.twimg.com/media/EyQClnHVoAAZCYD?format=jpg&name=orig
  img2) https://pbs.twimg.com/media/EyQClz9UcAIr2KA?format=jpg&name=orig
  img3) https://pbs.twimg.com/media/EyQCmg4VIAAznr2?format=jpg&name=orig
  img4) https://pbs.twimg.com/media/EyQCmxRVoAMUiCT?format=jpg&name=orig
172. 2021/04/05 16:42:54 https://twitter.com/Catshealdeprsn/status/1379172718222798848
  vid1) https://video.twimg.com/ext_tw_video/1379172649687900161/pu/vid/576x1082/uM24sghkvUU-9Jzh.mp4?tag=12
173. 2021/04/05 13:17:22 https://twitter.com/Catshealdeprsn/status/1379120993738706945
  img1) https://pbs.twimg.com/media/EyOfFoFVEAUPbRF?format=jpg&name=orig
  img2) https://pbs.twimg.com/media/EyOfHP5VoAIy3xQ?format=jpg&name=orig
  img3) https://pbs.twimg.com/media/EyOfJO-VgAIwXNC?format=jpg&name=orig
  img4) https://pbs.twimg.com/media/EyOfKtIU8AAMQPs?format=jpg&name=orig
174. 2021/04/05 11:29:49 https://twitter.com/Catshealdeprsn/status/1379093929237225472
  vid1) https://video.twimg.com/ext_tw_video/1379093732234985473/pu/vid/480x600/xSlaZOZnGbIFAAeQ.mp4?tag=12
175. 2021/04/05 10:47:44 https://twitter.com/Catshealdeprsn/status/1379083339206782979
  img1) https://pbs.twimg.com/media/EyN8-oDU4Acq07-?format=jpg&name=orig
  img2) https://pbs.twimg.com/media/EyN8_KPUYAIn56G?format=jpg&name=orig
176. 2021/04/05 09:58:09 https://twitter.com/Catshealdeprsn/status/1379070858711375876
  vid1) https://video.twimg.com/ext_tw_video/1379070704780410880/pu/vid/540x960/XLhZNyaeXKtIbwg2.mp4?tag=12
177. 2021/04/05 09:21:43 https://twitter.com/Catshealdeprsn/status/1379061689321103364
  img1) https://pbs.twimg.com/media/EyNpS-2UUAc-POU?format=jpg&name=orig
178. 2021/04/05 08:03:05 https://twitter.com/Catshealdeprsn/status/1379041903732121605
  img1) https://pbs.twimg.com/media/EyNXS4IUUAIV9Xx?format=jpg&name=orig
  img2) https://pbs.twimg.com/media/EyNXTWdVEAEcEMS?format=jpg&name=orig
179. 2021/04/05 06:47:26 https://twitter.com/Catshealdeprsn/status/1379022865127727105
  vid1) https://video.twimg.com/ext_tw_video/1379022836807831557/pu/vid/362x640/qWKI4wimlej1iXAz.mp4?tag=12
180. 2021/04/05 04:21:28 https://twitter.com/Catshealdeprsn/status/1378986130771566592
  img1) https://pbs.twimg.com/media/EyMkjiMVgAQK6TY?format=jpg&name=orig
  img2) https://pbs.twimg.com/media/EyMkkSLVcAE7F60?format=jpg&name=orig
  img3) https://pbs.twimg.com/media/EyMkkfFU4AEyF6M?format=jpg&name=orig
181. 2021/04/05 02:52:19 https://twitter.com/Catshealdeprsn/status/1378963696588746759
  img1) https://pbs.twimg.com/media/EyMQLEGVoAAiqxL?format=jpg&name=orig
182. 2021/04/05 01:36:44 https://twitter.com/Catshealdeprsn/status/1378944672647639040
  vid1) https://video.twimg.com/ext_tw_video/1378944500291133442/pu/vid/540x960/90KcGlADCovBNJg5.mp4?tag=12
183. 2021/04/04 23:04:41 https://twitter.com/Catshealdeprsn/status/1378906407773171720
  img1) https://pbs.twimg.com/media/EyLcCNOVgAExmRE?format=jpg&name=orig
  img2) https://pbs.twimg.com/media/EyLcC2cU8AEIrgm?format=jpg&name=orig
  img3) https://pbs.twimg.com/media/EyLcDiKUUAcZUWR?format=jpg&name=orig
  img4) https://pbs.twimg.com/media/EyLcDyHU8AEL61M?format=jpg&name=orig
184. 2021/04/04 22:02:17 https://twitter.com/Catshealdeprsn/status/1378890706505269250
  vid1) https://video.twimg.com/ext_tw_video/1378890620643598339/pu/vid/640x640/LnyZh-Ahu-Wsnb0A.mp4?tag=12
185. 2021/04/04 20:53:24 https://twitter.com/Catshealdeprsn/status/1378873369039237122
  img1) https://pbs.twimg.com/media/EyK-BDMVoAELt3n?format=jpg&name=orig
186. 2021/04/04 16:09:20 https://twitter.com/Catshealdeprsn/status/1378801885138747393
  img1) https://pbs.twimg.com/media/EyJ9AXgVgAAsdP0?format=jpg&name=orig
187. 2021/04/04 14:11:38 https://twitter.com/Catshealdeprsn/status/1378772261541306369
  img1) https://pbs.twimg.com/media/EyJiDjOVcAA7DHU?format=jpg&name=orig
188. 2021/04/04 13:22:37 https://twitter.com/Catshealdeprsn/status/1378759927246725120
  img1) https://pbs.twimg.com/media/EyJW2JAUcAML7Kl?format=jpg&name=orig
189. 2021/04/04 12:35:02 https://twitter.com/Catshealdeprsn/status/1378747954362638336
  img1) https://pbs.twimg.com/media/EyJL5-1VcAE4e5I?format=jpg&name=orig
  img2) https://pbs.twimg.com/media/EyJL69AU4AEIiHz?format=jpg&name=orig
  img3) https://pbs.twimg.com/media/EyJL7tDUcAEIsF3?format=jpg&name=orig
  img4) https://pbs.twimg.com/media/EyJL9NRVcAUePDr?format=jpg&name=orig
190. 2021/04/04 11:06:47 https://twitter.com/Catshealdeprsn/status/1378725745422258184
  vid1) https://video.twimg.com/ext_tw_video/1378725678414061571/pu/vid/640x800/AdkaZ2LOwl3Q7QPS.mp4?tag=12
191. 2021/04/04 09:47:19 https://twitter.com/Catshealdeprsn/status/1378705746649440263
  img1) https://pbs.twimg.com/media/EyIlkQ1VcAEcYYa?format=jpg&name=orig
  img2) https://pbs.twimg.com/media/EyIlkcqVEAE03K2?format=jpg&name=orig
192. 2021/04/04 08:25:46 https://twitter.com/Catshealdeprsn/status/1378685223659966468
  vid1) https://video.twimg.com/ext_tw_video/1378685099470856196/pu/vid/240x240/nRpRaW4gJwrI0huG.mp4?tag=12
193. 2021/04/04 01:19:04 https://twitter.com/Catshealdeprsn/status/1378577838790479872
  img1) https://pbs.twimg.com/media/EyGw-DTU8AQB9gh?format=jpg&name=orig
  img2) https://pbs.twimg.com/media/EyGxOzJVEAU4D9n?format=jpg&name=orig
  img3) https://pbs.twimg.com/media/EyGxPAhVcAAck9h?format=jpg&name=orig
  img4) https://pbs.twimg.com/media/EyGxPNuUUAMZdie?format=jpg&name=orig
194. 2021/04/03 22:54:16 https://twitter.com/Catshealdeprsn/status/1378541399503593474
  vid1) https://video.twimg.com/ext_tw_video/1378541130485170176/pu/vid/540x960/hiObK3L4aMUk5yvX.mp4?tag=12
195. 2021/04/03 21:20:15 https://twitter.com/Catshealdeprsn/status/1378517741888401416
  vid1) https://video.twimg.com/ext_tw_video/1378517663035486209/pu/vid/334x640/d2zXdqYSPGJ0owTK.mp4?tag=12
196. 2021/04/03 20:03:08 https://twitter.com/Catshealdeprsn/status/1378498330930544643
  vid1) https://video.twimg.com/ext_tw_video/1378498295048269824/pu/vid/640x640/D5uKINgJ-2WE7KQe.mp4?tag=12
197. 2021/04/03 15:48:14 https://twitter.com/Catshealdeprsn/status/1378434187187810304
  vid1) https://video.twimg.com/ext_tw_video/1378434139519471616/pu/vid/540x960/5BpbSrv9sSHqjxjy.mp4?tag=12
198. 2021/04/03 13:46:11 https://twitter.com/Catshealdeprsn/status/1378403471762759681
  img1) https://pbs.twimg.com/media/EyESomuU8AIENDl?format=jpg&name=orig
  img2) https://pbs.twimg.com/media/EyESpVHVgAARX42?format=jpg&name=orig
199. 2021/04/03 12:40:26 https://twitter.com/Catshealdeprsn/status/1378386923413065731
  img1) https://pbs.twimg.com/media/EyEDmeKU8AEKQmu?format=jpg&name=orig
200. 2021/04/03 11:39:46 https://twitter.com/Catshealdeprsn/status/1378371656133922817
  vid1) https://video.twimg.com/ext_tw_video/1378370686285082630/pu/vid/480x480/4mxZ4Kt9VPL3AgLY.mp4?tag=12
201. 2021/04/03 10:26:58 https://twitter.com/Catshealdeprsn/status/1378353335225384961
  img1) https://pbs.twimg.com/media/EyDlCKdVgAMi4Gz?format=jpg&name=orig
  img2) https://pbs.twimg.com/media/EyDlC-xUUAkcOVL?format=jpg&name=orig
202. 2021/04/03 09:51:03 https://twitter.com/Catshealdeprsn/status/1378344297662013440
  img1) https://pbs.twimg.com/media/EyDc094UYAEI11I?format=jpg&name=orig
  img2) https://pbs.twimg.com/media/EyDc1NdVoAEl2ZI?format=jpg&name=orig
203. 2021/04/03 08:56:25 https://twitter.com/Catshealdeprsn/status/1378330549530488835
  img1) https://pbs.twimg.com/media/EyDQUkaVcAgO7hI?format=jpg&name=orig
  img2) https://pbs.twimg.com/media/EyDQVHaVIAYGre2?format=jpg&name=orig
204. 2021/04/03 07:29:58 https://twitter.com/Catshealdeprsn/status/1378308793251979267
  img1) https://pbs.twimg.com/media/EyC8iNQVoAY_Yhy?format=jpg&name=orig
  img2) https://pbs.twimg.com/media/EyC8is9UcAEA4wR?format=jpg&name=orig
205. 2021/04/03 01:54:30 https://twitter.com/Catshealdeprsn/status/1378224370406076416
  img1) https://pbs.twimg.com/media/EyBvvoyVEAI9Fd1?format=jpg&name=orig
  img2) https://pbs.twimg.com/media/EyBvwCxVoAIDZx1?format=jpg&name=orig
  img3) https://pbs.twimg.com/media/EyBvwaUVEAAsV1y?format=jpg&name=orig
  img4) https://pbs.twimg.com/media/EyBvwniVIAEdaV9?format=jpg&name=orig
206. 2021/04/02 23:49:22 https://twitter.com/Catshealdeprsn/status/1378192876799074307
  vid1) https://video.twimg.com/ext_tw_video/1378192834142990346/pu/vid/512x640/zt_r7YDRWhL9czRN.mp4?tag=12
207. 2021/04/02 22:54:40 https://twitter.com/Catshealdeprsn/status/1378179112309727238
  img1) https://pbs.twimg.com/media/EyBGl_VUYAIZ-fu?format=jpg&name=orig
  img2) https://pbs.twimg.com/media/EyBGmR1VoAEFNzl?format=jpg&name=orig
208. 2021/04/02 20:27:13 https://twitter.com/Catshealdeprsn/status/1378142006413684737
  img1) https://pbs.twimg.com/media/EyAk2FhVIAQb2A6?format=jpg&name=orig
209. 2021/04/02 15:32:28 https://twitter.com/Catshealdeprsn/status/1378067827731484672
  img1) https://pbs.twimg.com/media/Ex_hXi3U8AE9UV9?format=jpg&name=orig
  img2) https://pbs.twimg.com/media/Ex_hYRHVcAMIXAj?format=jpg&name=orig
210. 2021/04/02 14:15:26 https://twitter.com/Catshealdeprsn/status/1378048444485398530
  vid1) https://video.twimg.com/ext_tw_video/1378048398570360832/pu/vid/640x640/oJHnCrd4Ggw4KC-u.mp4?tag=12
211. 2021/04/02 12:21:45 https://twitter.com/Catshealdeprsn/status/1378019832772227076
  vid1) https://video.twimg.com/ext_tw_video/1378019471009320960/pu/vid/640x720/_Qq4SGZhADelSf8Y.mp4?tag=12
212. 2021/04/02 11:14:36 https://twitter.com/Catshealdeprsn/status/1378002936551284739
  img1) https://pbs.twimg.com/media/Ex-mW9yUcAMyW6n?format=jpg&name=orig
  img2) https://pbs.twimg.com/media/Ex-mXhBVEAEydrv?format=jpg&name=orig
213. 2021/04/02 10:02:13 https://twitter.com/Catshealdeprsn/status/1377984720416296960
  img1) https://pbs.twimg.com/media/Ex-VyrVVcAEMUZG?format=jpg&name=orig
214. 2021/04/02 06:46:15 https://twitter.com/Catshealdeprsn/status/1377935404364562435
  vid1) https://video.twimg.com/ext_tw_video/1377935387587305476/pu/vid/480x480/xGYDQrnZd_f0yI1K.mp4?tag=12
215. 2021/04/02 05:33:50 https://twitter.com/Catshealdeprsn/status/1377917178389745665
  img1) https://pbs.twimg.com/media/Ex9YXfPVoAYIX6O?format=jpg&name=orig
216. 2021/04/02 00:49:08 https://twitter.com/Catshealdeprsn/status/1377845532370989058
  img1) https://pbs.twimg.com/media/Ex8XMpOVoAEjyYb?format=jpg&name=orig
  img2) https://pbs.twimg.com/media/Ex8XNIYVcAMCRmz?format=jpg&name=orig
  img3) https://pbs.twimg.com/media/Ex8XNZXVEAIfIpa?format=jpg&name=orig
217. 2021/04/01 23:34:54 https://twitter.com/Catshealdeprsn/status/1377826849426862080
  img1) https://pbs.twimg.com/media/Ex8GN46U4AMBxTo?format=jpg&name=orig
218. 2021/04/01 21:30:17 https://twitter.com/Catshealdeprsn/status/1377795487567319041
  vid1) https://video.twimg.com/ext_tw_video/1377795434920337410/pu/vid/576x1024/CAQTpFbX8E9wF2NL.mp4?tag=12
219. 2021/04/01 20:48:01 https://twitter.com/Catshealdeprsn/status/1377784850459992064
  img1) https://pbs.twimg.com/media/Ex7gBAEVoAsd1Zu?format=jpg&name=orig
220. 2021/04/01 15:22:31 https://twitter.com/Catshealdeprsn/status/1377702936600477696
  img1) https://pbs.twimg.com/media/Ex6VgNzUYAAfPOo?format=jpg&name=orig
  img2) https://pbs.twimg.com/media/Ex6Vg1HUUAEPBYR?format=jpg&name=orig
221. 2021/04/01 14:22:40 https://twitter.com/Catshealdeprsn/status/1377687875202990084
  vid1) https://video.twimg.com/ext_tw_video/1377687823038353408/pu/vid/540x960/IO1CPRAWK3hBEuZF.mp4?tag=12
222. 2021/04/01 12:52:40 https://twitter.com/Catshealdeprsn/status/1377665225776750592
  img1) https://pbs.twimg.com/media/Ex5zLlGU8AQFOp2?format=jpg&name=orig
  img2) https://pbs.twimg.com/media/Ex5zMnGVEAQxo4a?format=jpg&name=orig
  img3) https://pbs.twimg.com/media/Ex5zNoDU8AEgwBw?format=jpg&name=orig
  img4) https://pbs.twimg.com/media/Ex5zOIdUYAEa0su?format=jpg&name=orig
223. 2021/04/01 11:17:23 https://twitter.com/Catshealdeprsn/status/1377641248442310664
  img1) https://pbs.twimg.com/media/Ex5daB-VgAAFIw5?format=jpg&name=orig
  img2) https://pbs.twimg.com/media/Ex5dacaUYAQiC_f?format=jpg&name=orig
224. 2021/04/01 08:16:57 https://twitter.com/Catshealdeprsn/status/1377595841830125569
  vid1) https://video.twimg.com/ext_tw_video/1377595725047984128/pu/vid/640x800/nXHXqZfrR8XfqNJh.mp4?tag=12
225. 2021/04/01 07:15:16 https://twitter.com/Catshealdeprsn/status/1377580315288334349
  img1) https://pbs.twimg.com/media/Ex4l_saVIAQ7AXm?format=jpg&name=orig
226. 2021/04/01 05:14:27 https://twitter.com/Catshealdeprsn/status/1377549912007532552
  img1) https://pbs.twimg.com/media/Ex4KVe8U4AItAlR?format=jpg&name=orig
227. 2021/04/01 00:46:29 https://twitter.com/Catshealdeprsn/status/1377482476625350657
  vid1) https://video.twimg.com/ext_tw_video/1377481823328948226/pu/vid/640x800/EpwMgFZmSGZROdI9.mp4?tag=12
228. 2021/03/31 22:54:55 https://twitter.com/Catshealdeprsn/status/1377454400906518531
  img1) https://pbs.twimg.com/media/Ex2zd8sVIAAdx1D?format=jpg&name=orig
229. 2021/03/31 20:57:51 https://twitter.com/Catshealdeprsn/status/1377424939758669825
  vid1) https://video.twimg.com/ext_tw_video/1377424907194179588/pu/vid/512x640/hcS1lsvSJtXoAo_G.mp4?tag=12
230. 2021/03/31 19:35:34 https://twitter.com/Catshealdeprsn/status/1377404232718934016
  vid1) https://video.twimg.com/ext_tw_video/1377404196090044418/pu/vid/480x600/UEP3PCpMO3J1O8px.mp4?tag=12
231. 2021/03/31 13:57:02 https://twitter.com/Catshealdeprsn/status/1377319036514492419
  vid1) https://video.twimg.com/ext_tw_video/1377318616136179715/pu/vid/480x546/YuUmAGB0zuiRpTgk.mp4?tag=12
232. 2021/03/31 12:36:42 https://twitter.com/Catshealdeprsn/status/1377298821500129288
  img1) https://pbs.twimg.com/media/Ex0l9p-VgAER657?format=jpg&name=orig
  img2) https://pbs.twimg.com/media/Ex0l-LJVcAM8JmU?format=jpg&name=orig
233. 2021/03/31 11:10:06 https://twitter.com/Catshealdeprsn/status/1377277028399865859
  img1) https://pbs.twimg.com/media/Ex0SJI4U4AE0NY9?format=jpg&name=orig
  img2) https://pbs.twimg.com/media/Ex0SJj5U8AEHAH7?format=jpg&name=orig
  img3) https://pbs.twimg.com/media/Ex0SKBHU8AAUjjo?format=jpg&name=orig
234. 2021/03/31 09:54:20 https://twitter.com/Catshealdeprsn/status/1377257961362354179
  img1) https://pbs.twimg.com/media/Ex0Ay67VgAMqMOe?format=jpg&name=orig
  img2) https://pbs.twimg.com/media/Ex0Azd8VcAkqLBU?format=jpg&name=orig
  img3) https://pbs.twimg.com/media/Ex0Az_AVcAYc6Op?format=jpg&name=orig
235. 2021/03/31 08:23:23 https://twitter.com/Catshealdeprsn/status/1377235069887074304
  img1) https://pbs.twimg.com/media/Exzr_ZhVoAErSST?format=jpg&name=orig
236. 2021/03/31 07:29:10 https://twitter.com/Catshealdeprsn/status/1377221427225448453
  vid1) https://video.twimg.com/ext_tw_video/1377221379024584705/pu/vid/640x800/z0gqrNfl-SzoK4PT.mp4?tag=12
237. 2021/03/31 06:03:25 https://twitter.com/Catshealdeprsn/status/1377199847757946880
  img1) https://pbs.twimg.com/media/ExzL86TUcAIUaBF?format=jpg&name=orig
  img2) https://pbs.twimg.com/media/ExzL9U5U4AgUSlE?format=jpg&name=orig
238. 2021/03/30 23:58:35 https://twitter.com/Catshealdeprsn/status/1377108035907186689
  vid1) https://video.twimg.com/ext_tw_video/1377107847561895939/pu/vid/360x638/0Ud3LAyRmsWy-iDL.mp4?tag=12
239. 2021/03/30 22:55:58 https://twitter.com/Catshealdeprsn/status/1377092276577394689
  img1) https://pbs.twimg.com/media/ExxqHxxVcAQoNx0?format=jpg&name=orig
240. 2021/03/30 20:49:59 https://twitter.com/Catshealdeprsn/status/1377060572303290371
  vid1) https://video.twimg.com/ext_tw_video/1377060544872521729/pu/vid/480x600/MIvJ-Z75OHZpcWa4.mp4?tag=12
241. 2021/03/30 16:00:48 https://twitter.com/Catshealdeprsn/status/1376987796041162752
  img1) https://pbs.twimg.com/media/ExwLGMtVIAM-7E9?format=jpg&name=orig
242. 2021/03/30 14:54:01 https://twitter.com/Catshealdeprsn/status/1376970991746740225
  vid1) https://video.twimg.com/ext_tw_video/1376970957395357698/pu/vid/640x800/27tji_xs3iYRzWRe.mp4?tag=12
243. 2021/03/30 13:04:22 https://twitter.com/Catshealdeprsn/status/1376943395378135044
  img1) https://pbs.twimg.com/media/Exvit12VIAIGh_-?format=jpg&name=orig
244. 2021/03/30 11:52:03 https://twitter.com/Catshealdeprsn/status/1376925195143811078
  vid1) https://video.twimg.com/ext_tw_video/1376925017678614535/pu/vid/480x480/vj98xZJl8QVFma53.mp4?tag=12
245. 2021/03/30 10:32:59 https://twitter.com/Catshealdeprsn/status/1376905297931894786
  vid1) https://video.twimg.com/ext_tw_video/1376905204893806596/pu/vid/480x480/IsXoBo4Co6Hw4DsW.mp4?tag=12
246. 2021/03/30 09:11:57 https://twitter.com/Catshealdeprsn/status/1376884905540427778
  img1) https://pbs.twimg.com/media/ExuthMvVoAUSe72?format=jpg&name=orig
247. 2021/03/30 07:26:20 https://twitter.com/Catshealdeprsn/status/1376858324595920907
  vid1) https://video.twimg.com/ext_tw_video/1376858179317817345/pu/vid/540x960/Vt3Qzv7iIqMcXPTJ.mp4?tag=12
248. 2021/03/30 06:12:59 https://twitter.com/Catshealdeprsn/status/1376839869197000709
  img1) https://pbs.twimg.com/media/ExuEipsU8AEwQv4?format=jpg&name=orig
  img2) https://pbs.twimg.com/media/ExuEjP2UcAMDklP?format=jpg&name=orig
  img3) https://pbs.twimg.com/media/ExuEjjGU8AA4Ph4?format=jpg&name=orig
  img4) https://pbs.twimg.com/media/ExuEjz_VgAE2MMV?format=jpg&name=orig
249. 2021/03/30 00:13:35 https://twitter.com/Catshealdeprsn/status/1376749419396132867
  vid1) https://video.twimg.com/ext_tw_video/1376749363125395460/pu/vid/480x600/L67A4ggx3iZc28Ak.mp4?tag=12
250. 2021/03/29 22:35:19 https://twitter.com/Catshealdeprsn/status/1376724689901416452
  img1) https://pbs.twimg.com/media/ExsbyDCVgAQz1nc?format=jpg&name=orig
  img2) https://pbs.twimg.com/media/Exsbyd_U4AI9UmM?format=jpg&name=orig
  img3) https://pbs.twimg.com/media/ExsbzaQU8AYvId4?format=jpg&name=orig
  img4) https://pbs.twimg.com/media/ExsbzwPVoAEBPms?format=jpg&name=orig
251. 2021/03/29 20:53:58 https://twitter.com/Catshealdeprsn/status/1376699187287457793
  vid1) https://video.twimg.com/ext_tw_video/1376699150725566467/pu/vid/640x360/hE6OqoXwKkHhNvxq.mp4?tag=12
252. 2021/03/29 19:55:34 https://twitter.com/Catshealdeprsn/status/1376684487581466624
  img1) https://pbs.twimg.com/media/Exr3PWrUYAACznm?format=jpg&name=orig
  img2) https://pbs.twimg.com/media/Exr3PiQUUAAPifM?format=jpg&name=orig
  img3) https://pbs.twimg.com/media/Exr3Pr-UYAMwpMW?format=jpg&name=orig
253. 2021/03/29 14:25:06 https://twitter.com/Catshealdeprsn/status/1376601323597000706
  img1) https://pbs.twimg.com/media/ExqrmwZVIAEC5g3?format=jpg&name=orig
254. 2021/03/29 12:05:59 https://twitter.com/Catshealdeprsn/status/1376566315746385924
  vid1) https://video.twimg.com/ext_tw_video/1376564727334117381/pu/vid/768x720/0tk6mXAhoMcR8wK0.mp4?tag=12
255. 2021/03/29 10:46:17 https://twitter.com/Catshealdeprsn/status/1376546256168738824
  img1) https://pbs.twimg.com/media/Exp5hJeUUAs1kc4?format=jpg&name=orig
256. 2021/03/29 08:15:26 https://twitter.com/Catshealdeprsn/status/1376508296081731589
  img1) https://pbs.twimg.com/media/ExpW_qiU4AIVQPv?format=jpg&name=orig
257. 2021/03/29 07:01:06 https://twitter.com/Catshealdeprsn/status/1376489588584112134
  vid1) https://video.twimg.com/ext_tw_video/1376489552768954373/pu/vid/256x320/yz1dvqweCCf9mviE.mp4?tag=12
258. 2021/03/28 23:02:19 https://twitter.com/Catshealdeprsn/status/1376369097424871428
  vid1) https://video.twimg.com/ext_tw_video/1376368541742493697/pu/vid/540x960/uUiy8gby-FUvq3bW.mp4?tag=12
259. 2021/03/28 21:48:12 https://twitter.com/Catshealdeprsn/status/1376350446495834112
  img1) https://pbs.twimg.com/media/ExnHaSbUUAg0m3D?format=jpg&name=orig
  img2) https://pbs.twimg.com/media/ExnHbY9U4AQQl76?format=jpg&name=orig
260. 2021/03/28 20:17:00 https://twitter.com/Catshealdeprsn/status/1376327496715563012
  vid1) https://video.twimg.com/ext_tw_video/1376327463244992517/pu/vid/640x1138/sLRb3x_nLHnxzEFO.mp4?tag=12
261. 2021/03/28 16:31:40 https://twitter.com/Catshealdeprsn/status/1376270788756578304
  vid1) https://video.twimg.com/ext_tw_video/1376270712663465987/pu/vid/480x854/_RxO2wq1pzSoqUTk.mp4?tag=12
262. 2021/03/28 14:58:06 https://twitter.com/Catshealdeprsn/status/1376247240042323972
  img1) https://pbs.twimg.com/media/ExlpkFGVoAQHUpt?format=jpg&name=orig
263. 2021/03/28 12:50:47 https://twitter.com/Catshealdeprsn/status/1376215199766605829
  img1) https://pbs.twimg.com/media/ExlMVknU4AAjGQk?format=jpg&name=orig
  img2) https://pbs.twimg.com/media/ExlMYvbUcAUxLTP?format=jpg&name=orig
264. 2021/03/28 09:58:06 https://twitter.com/Catshealdeprsn/status/1376171742557663237
  vid1) https://video.twimg.com/ext_tw_video/1376171667685134338/pu/vid/480x600/uBtdmrM6sQ1lf3tJ.mp4?tag=12
265. 2021/03/28 08:42:21 https://twitter.com/Catshealdeprsn/status/1376152681576734720
  img1) https://pbs.twimg.com/media/ExkTkICUUAMjr80?format=jpg&name=orig
  img2) https://pbs.twimg.com/media/ExkTkaOVIBAV9bm?format=jpg&name=orig
266. 2021/03/28 06:41:32 https://twitter.com/Catshealdeprsn/status/1376122276278464515
  img1) https://pbs.twimg.com/media/Exj36TyUcAY6dhZ?format=jpg&name=orig
267. 2021/03/27 22:56:37 https://twitter.com/Catshealdeprsn/status/1376005276021579776
  img1) https://pbs.twimg.com/media/ExiNf45UcAkafX6?format=jpg&name=orig
  img2) https://pbs.twimg.com/media/ExiNgWaUcAUY_ci?format=jpg&name=orig
268. 2021/03/27 21:57:03 https://twitter.com/Catshealdeprsn/status/1375990285616906243
  vid1) https://video.twimg.com/ext_tw_video/1375990217908183041/pu/vid/576x1024/mkXynujy8uWjkRY0.mp4?tag=12
269. 2021/03/27 18:31:16 https://twitter.com/Catshealdeprsn/status/1375938499254181891
  img1) https://pbs.twimg.com/media/ExhQw5WU8AIYAKG?format=jpg&name=orig
  img2) https://pbs.twimg.com/media/ExhQxazUcAEGEDp?format=jpg&name=orig
270. 2021/03/27 14:02:29 https://twitter.com/Catshealdeprsn/status/1375870858011365382
  img1) https://pbs.twimg.com/media/ExgTO1WU8AAs5kQ?format=jpg&name=orig
  img2) https://pbs.twimg.com/media/ExgTPQcU4AEZXGx?format=jpg&name=orig
271. 2021/03/27 11:55:19 https://twitter.com/Catshealdeprsn/status/1375838853529886731
  vid1) https://video.twimg.com/ext_tw_video/1375838780679094281/pu/vid/640x800/ZIHmtJ6MCdIMUXmi.mp4?tag=12
272. 2021/03/27 10:08:09 https://twitter.com/Catshealdeprsn/status/1375811887443546112
  vid1) https://video.twimg.com/ext_tw_video/1375811855432572929/pu/vid/576x656/TA7yIRqSwaknO2Yj.mp4?tag=12
273. 2021/03/27 08:45:04 https://twitter.com/Catshealdeprsn/status/1375790975847591938
  img1) https://pbs.twimg.com/media/ExfKmDUVEAYimWe?format=jpg&name=orig
  img2) https://pbs.twimg.com/media/ExfKmWDUcAIS2iw?format=jpg&name=orig
274. 2021/03/27 01:01:44 https://twitter.com/Catshealdeprsn/status/1375674376423493633
  vid1) https://video.twimg.com/ext_tw_video/1375674129869729792/pu/vid/480x480/b1F0PRtjQDwqYQVL.mp4?tag=12
275. 2021/03/26 23:41:56 https://twitter.com/Catshealdeprsn/status/1375654292548321287
  img1) https://pbs.twimg.com/media/ExdOSGsVgAgrlWY?format=jpg&name=orig
276. 2021/03/26 22:40:59 https://twitter.com/Catshealdeprsn/status/1375638954746109958
  img1) https://pbs.twimg.com/media/ExdAUFUVgAQz63R?format=jpg&name=orig
  img2) https://pbs.twimg.com/media/ExdAUrHU8AEsG0G?format=jpg&name=orig
  img3) https://pbs.twimg.com/media/ExdAU8vU8AA3uYs?format=jpg&name=orig
  img4) https://pbs.twimg.com/media/ExdAVnpUcAQAeh_?format=jpg&name=orig
277. 2021/03/26 15:27:39 https://twitter.com/Catshealdeprsn/status/1375529902355607553
  img1) https://pbs.twimg.com/media/ExbdJUAUYAEj2er?format=jpg&name=orig
  img2) https://pbs.twimg.com/media/ExbdJhAVIAAcqhu?format=jpg&name=orig
  img3) https://pbs.twimg.com/media/ExbdJvuVIAIjNWk?format=jpg&name=orig
  img4) https://pbs.twimg.com/media/ExbdJ-dVEAE0KDj?format=jpg&name=orig
278. 2021/03/26 14:06:19 https://twitter.com/Catshealdeprsn/status/1375509434248536065
  img1) https://pbs.twimg.com/media/ExbKh6dVEAEbOTq?format=jpg&name=orig
  img2) https://pbs.twimg.com/media/ExbKikMUYAMjr8W?format=jpg&name=orig
279. 2021/03/26 12:48:08 https://twitter.com/Catshealdeprsn/status/1375489758210654212
  vid1) https://video.twimg.com/ext_tw_video/1375489670730055681/pu/vid/368x360/B1yLb8AEf9LMiiXh.mp4?tag=12
280. 2021/03/26 11:06:36 https://twitter.com/Catshealdeprsn/status/1375464208049991682
  img1) https://pbs.twimg.com/media/ExahZRWUcAAFSZe?format=jpg&name=orig
281. 2021/03/26 08:48:34 https://twitter.com/Catshealdeprsn/status/1375429471604408324
  vid1) https://video.twimg.com/ext_tw_video/1375429429585833985/pu/vid/202x360/UAEj3tkYbkmo0o12.mp4?tag=12
282. 2021/03/26 07:26:47 https://twitter.com/Catshealdeprsn/status/1375408886832791552
  vid1) https://video.twimg.com/ext_tw_video/1375408861947985927/pu/vid/640x608/b93ByKfhPHmBxKjj.mp4?tag=12
283. 2021/03/26 00:51:43 https://twitter.com/Catshealdeprsn/status/1375309467265331207
  img1) https://pbs.twimg.com/media/ExYUqV7VIAgha3E?format=jpg&name=orig
  img2) https://pbs.twimg.com/media/ExYUq6zVIAIkBzu?format=jpg&name=orig
284. 2021/03/25 23:20:21 https://twitter.com/Catshealdeprsn/status/1375286472291491850
  img1) https://pbs.twimg.com/media/ExX_v_JVoAkMoo7?format=jpg&name=orig
285. 2021/03/25 22:08:08 https://twitter.com/Catshealdeprsn/status/1375268301484425218
  vid1) https://video.twimg.com/ext_tw_video/1375268129677303809/pu/vid/576x1024/27KufOt12wg8IQza.mp4?tag=12
286. 2021/03/25 21:04:26 https://twitter.com/Catshealdeprsn/status/1375252268321107968
  vid1) https://video.twimg.com/ext_tw_video/1375252218761207811/pu/vid/640x800/TYDP1tTdAG_vG4bJ.mp4?tag=12
287. 2021/03/25 15:50:06 https://twitter.com/Catshealdeprsn/status/1375173163512819715
  img1) https://pbs.twimg.com/media/ExWYsmhUcAADmPb?format=jpg&name=orig
288. 2021/03/25 14:40:00 https://twitter.com/Catshealdeprsn/status/1375155524614844420
  vid1) https://video.twimg.com/ext_tw_video/1375155445669621761/pu/vid/480x480/KCJw4OlHN8bJu_bq.mp4?tag=12
289. 2021/03/25 13:16:27 https://twitter.com/Catshealdeprsn/status/1375134494995324930
  img1) https://pbs.twimg.com/media/ExV1fbaVgAE6KuE?format=jpg&name=orig
  img2) https://pbs.twimg.com/media/ExV1fqFVgAMvhZz?format=jpg&name=orig
290. 2021/03/25 12:05:58 https://twitter.com/Catshealdeprsn/status/1375116757564674054
  img1) https://pbs.twimg.com/media/ExVlYTUVEAE5ErW?format=jpg&name=orig
  img2) https://pbs.twimg.com/media/ExVlY0fVoAQYJfE?format=jpg&name=orig
  img3) https://pbs.twimg.com/media/ExVlZLJUYAM7paC?format=jpg&name=orig
  img4) https://pbs.twimg.com/media/ExVlZtwVEAIxnDd?format=jpg&name=orig
291. 2021/03/25 10:33:26 https://twitter.com/Catshealdeprsn/status/1375093471493689346
  vid1) https://video.twimg.com/ext_tw_video/1375093218908459017/pu/vid/540x960/2OLkvJg53eBEuqL1.mp4?tag=12
292. 2021/03/25 09:05:35 https://twitter.com/Catshealdeprsn/status/1375071366056083461
  img1) https://pbs.twimg.com/media/ExU8GvAUUAUvfQw?format=jpg&name=orig
  img2) https://pbs.twimg.com/media/ExU8HZMVgAEzrcy?format=jpg&name=orig
293. 2021/03/25 04:43:40 https://twitter.com/Catshealdeprsn/status/1375005449934671875
  img1) https://pbs.twimg.com/media/ExUAKGKUUAQ-gzs?format=jpg&name=orig
  img2) https://pbs.twimg.com/media/ExUAKjZVEAUxVk7?format=jpg&name=orig
294. 2021/03/25 02:51:42 https://twitter.com/Catshealdeprsn/status/1374977271572832256
  img1) https://pbs.twimg.com/media/ExTmiIyVIAIn6vU?format=jpg&name=orig
  img2) https://pbs.twimg.com/media/ExTmiT5U8AEl19U?format=jpg&name=orig
295. 2021/03/25 01:32:20 https://twitter.com/Catshealdeprsn/status/1374957302218772482
  img1) https://pbs.twimg.com/media/ExTUXusUcAI3-qF?format=jpg&name=orig
296. 2021/03/25 00:26:17 https://twitter.com/Catshealdeprsn/status/1374940676824080384
  vid1) https://video.twimg.com/ext_tw_video/1374940626395881478/pu/vid/640x800/S66E2djCPMB0hukF.mp4?tag=12
297. 2021/03/24 22:36:11 https://twitter.com/Catshealdeprsn/status/1374912972468838400
  img1) https://pbs.twimg.com/media/ExSsDjrUYAQ9yvw?format=jpg&name=orig
  img2) https://pbs.twimg.com/media/ExSsD5rVcAIv3h7?format=jpg&name=orig
298. 2021/03/24 21:00:05 https://twitter.com/Catshealdeprsn/status/1374888784609779718
  vid1) https://video.twimg.com/ext_tw_video/1374888750061260802/pu/vid/480x854/zaEyADZn64ksuOEo.mp4?tag=12
299. 2021/03/24 18:51:38 https://twitter.com/Catshealdeprsn/status/1374856461897981954
  vid1) https://video.twimg.com/ext_tw_video/1374856390024433668/pu/vid/640x800/fWaSxrB026DihOVX.mp4?tag=12
300. 2021/03/24 15:06:03 https://twitter.com/Catshealdeprsn/status/1374799690110099457
  vid1) https://video.twimg.com/ext_tw_video/1374799642194448385/pu/vid/378x480/m50iUKs2ohn2fCCv.mp4?tag=12
301. 2021/03/24 14:03:18 https://twitter.com/Catshealdeprsn/status/1374783898605953025
  img1) https://pbs.twimg.com/media/ExQ2qeTVEAAb2GZ?format=jpg&name=orig
  img2) https://pbs.twimg.com/media/ExQ2q0xU8AIO_9b?format=jpg&name=orig
302. 2021/03/24 13:02:15 https://twitter.com/Catshealdeprsn/status/1374768536602648579
  vid1) https://video.twimg.com/ext_tw_video/1374767409832157193/pu/vid/624x768/Efavl2K_dWJmv7LB.mp4?tag=12
303. 2021/03/24 12:10:43 https://twitter.com/Catshealdeprsn/status/1374755568250851328
  img1) https://pbs.twimg.com/media/ExQc5CnVcAM6cUX?format=jpg&name=orig
  img2) https://pbs.twimg.com/media/ExQc5Y1VoAAZJOT?format=jpg&name=orig
304. 2021/03/24 10:44:07 https://twitter.com/Catshealdeprsn/status/1374733773200265217
  vid1) https://video.twimg.com/ext_tw_video/1374733682456551427/pu/vid/288x360/ILVbF623k8LOChMw.mp4?tag=12
305. 2021/03/24 09:07:59 https://twitter.com/Catshealdeprsn/status/1374709578735046664
  img1) https://pbs.twimg.com/media/ExPzEYhWEAE75UM?format=jpg&name=orig
306. 2021/03/24 07:24:26 https://twitter.com/Catshealdeprsn/status/1374683522896568321
  img1) https://pbs.twimg.com/media/ExPbVZpWgAMX5LK?format=jpg&name=orig
  img2) https://pbs.twimg.com/media/ExPbWbCWYAMgcWC?format=jpg&name=orig
  img3) https://pbs.twimg.com/media/ExPbXJ8XAAQWIML?format=jpg&name=orig
  img4) https://pbs.twimg.com/media/ExPbXwkWgAAnm-U?format=jpg&name=orig
307. 2021/03/24 06:14:57 https://twitter.com/Catshealdeprsn/status/1374666034901364740
  vid1) https://video.twimg.com/ext_tw_video/1374665872892043270/pu/vid/540x960/eRoiQG3Dnu6qZ90j.mp4?tag=12
308. 2021/03/24 02:33:49 https://twitter.com/Catshealdeprsn/status/1374610383630000130
  vid1) https://video.twimg.com/ext_tw_video/1374610352663535618/pu/vid/258x360/O0eFOj10c2KLbm-g.mp4?tag=12
309. 2021/03/24 00:56:58 https://twitter.com/Catshealdeprsn/status/1374586013541142534
  img1) https://pbs.twimg.com/media/ExOCsSjVcAEkF5g?format=jpg&name=orig
310. 2021/03/23 23:49:19 https://twitter.com/Catshealdeprsn/status/1374568985295941632
  vid1) https://video.twimg.com/ext_tw_video/1374568887136575489/pu/vid/480x600/7pXXtvUx4zNcZ1bV.mp4?tag=12
311. 2021/03/23 22:49:24 https://twitter.com/Catshealdeprsn/status/1374553908215914498
  img1) https://pbs.twimg.com/media/ExNlfVjUUAAGugZ?format=jpg&name=orig
312. 2021/03/23 20:48:52 https://twitter.com/Catshealdeprsn/status/1374523574648664070
  vid1) https://video.twimg.com/ext_tw_video/1374523412786245641/pu/vid/576x1082/uBtDkpXndanszNjM.mp4?tag=12
313. 2021/03/23 18:10:30 https://twitter.com/Catshealdeprsn/status/1374483722318188546
  img1) https://pbs.twimg.com/media/ExMlpR2VoAAkAYv?format=jpg&name=orig
  img2) https://pbs.twimg.com/media/ExMlpjoVgAETUTR?format=jpg&name=orig
  img3) https://pbs.twimg.com/media/ExMlp16VkA4B00t?format=jpg&name=orig
  img4) https://pbs.twimg.com/media/ExMlqK4UUBQx3Uo?format=jpg&name=orig
314. 2021/03/23 14:52:45 https://twitter.com/Catshealdeprsn/status/1374433957261967363
  img1) https://pbs.twimg.com/media/ExL4YRdVIAELWUJ?format=jpg&name=orig
  img2) https://pbs.twimg.com/media/ExL4Y0mUUAUhCjq?format=jpg&name=orig
  img3) https://pbs.twimg.com/media/ExL4ZgeVIAMoalU?format=jpg&name=orig
315. 2021/03/23 13:06:36 https://twitter.com/Catshealdeprsn/status/1374407243060322304
  img1) https://pbs.twimg.com/media/ExLgE8RVIBI7Oxf?format=jpg&name=orig
  img2) https://pbs.twimg.com/media/ExLgF7CVkAglUOl?format=jpg&name=orig
316. 2021/03/23 11:39:01 https://twitter.com/Catshealdeprsn/status/1374385201501990917
  vid1) https://video.twimg.com/ext_tw_video/1374385097386823681/pu/vid/288x360/IPKKgBTrwgYi0_T_.mp4?tag=12
317. 2021/03/23 10:22:25 https://twitter.com/Catshealdeprsn/status/1374365922358534145
  vid1) https://video.twimg.com/ext_tw_video/1374365613498327044/pu/vid/640x640/erUdzIcenpO_ZlFh.mp4?tag=12
318. 2021/03/23 09:24:24 https://twitter.com/Catshealdeprsn/status/1374351322607095811
  img1) https://pbs.twimg.com/media/ExKtO57U8AIlUi7?format=jpg&name=orig
  img2) https://pbs.twimg.com/media/ExKtPWoU8AI6KNu?format=jpg&name=orig
319. 2021/03/23 02:24:09 https://twitter.com/Catshealdeprsn/status/1374245564708122628
  vid1) https://video.twimg.com/ext_tw_video/1374245491072933889/pu/vid/640x1226/y1RIE1_sSrWHry5g.mp4?tag=12
320. 2021/03/23 00:52:22 https://twitter.com/Catshealdeprsn/status/1374222467103789065
  img1) https://pbs.twimg.com/media/ExI4C3rVEAEgj97?format=jpg&name=orig
  img2) https://pbs.twimg.com/media/ExI4DN9VoAIuSB3?format=jpg&name=orig
321. 2021/03/22 23:58:59 https://twitter.com/Catshealdeprsn/status/1374209031431016448
  img1) https://pbs.twimg.com/media/ExIrz_tVkAA1aaM?format=jpg&name=orig
  img2) https://pbs.twimg.com/media/ExIr0suVEAANIGD?format=jpg&name=orig
322. 2021/03/22 22:44:11 https://twitter.com/Catshealdeprsn/status/1374190209902940160
  vid1) https://video.twimg.com/ext_tw_video/1374190147059679232/pu/vid/640x800/rl9CTLeffNMktEKr.mp4?tag=12
323. 2021/03/22 21:40:54 https://twitter.com/Catshealdeprsn/status/1374174282029277187
  img1) https://pbs.twimg.com/media/ExIMMGlVcAARA1k?format=jpg&name=orig
  img2) https://pbs.twimg.com/media/ExIMM0hVgAArwPQ?format=jpg&name=orig
  img3) https://pbs.twimg.com/media/ExIMNbTVcAI_qFS?format=jpg&name=orig
  img4) https://pbs.twimg.com/media/ExIMOEQU8AArTNM?format=jpg&name=orig
324. 2021/03/22 20:44:25 https://twitter.com/Catshealdeprsn/status/1374160068317306881
  vid1) https://video.twimg.com/ext_tw_video/1374160009588736004/pu/vid/540x960/Fq8uMzeHuuPwnk0X.mp4?tag=12
325. 2021/03/22 15:30:11 https://twitter.com/Catshealdeprsn/status/1374080987731169280
  img1) https://pbs.twimg.com/media/ExG3XBhVoAAlRCb?format=jpg&name=orig
  img2) https://pbs.twimg.com/media/ExG3Xl7VEAEhhH1?format=jpg&name=orig
326. 2021/03/22 14:41:11 https://twitter.com/Catshealdeprsn/status/1374068655982485505
  img1) https://pbs.twimg.com/media/ExGsJNFVgAAqqNK?format=jpg&name=orig
  img2) https://pbs.twimg.com/media/ExGsKJNVgAMOZj6?format=jpg&name=orig
327. 2021/03/22 13:14:57 https://twitter.com/Catshealdeprsn/status/1374046955152703488
  vid1) https://video.twimg.com/ext_tw_video/1374046590105649157/pu/vid/540x960/BOfVf3h9YBJynOtQ.mp4?tag=12
328. 2021/03/22 12:08:29 https://twitter.com/Catshealdeprsn/status/1374030228729724932
  img1) https://pbs.twimg.com/media/ExGJNK4VEAof5MU?format=jpg&name=orig
  img2) https://pbs.twimg.com/media/ExGJNdhUUAEsdNg?format=jpg&name=orig
329. 2021/03/22 11:09:20 https://twitter.com/Catshealdeprsn/status/1374015342242983939
  img1) https://pbs.twimg.com/media/ExF7qoFVEAI1yRs?format=jpg&name=orig
330. 2021/03/22 10:01:39 https://twitter.com/Catshealdeprsn/status/1373998312009822213
  vid1) https://video.twimg.com/ext_tw_video/1373998200349028353/pu/vid/640x800/qHsIBLYSFkqggUvu.mp4?tag=12
331. 2021/03/22 08:08:29 https://twitter.com/Catshealdeprsn/status/1373969833067352071
  img1) https://pbs.twimg.com/media/ExFSQoAUUAAgQgj?format=jpg&name=orig
  img2) https://pbs.twimg.com/media/ExFSQ5RU8AEykEX?format=jpg&name=orig
  img3) https://pbs.twimg.com/media/ExFSRc6U8AYXNDe?format=jpg&name=orig
  img4) https://pbs.twimg.com/media/ExFSR1SVcAMeEEH?format=jpg&name=orig
332. 2021/03/22 05:26:02 https://twitter.com/Catshealdeprsn/status/1373928947361095685
  img1) https://pbs.twimg.com/media/ExEtGH9UcAQbqOW?format=jpg&name=orig
333. 2021/03/22 03:18:28 https://twitter.com/Catshealdeprsn/status/1373896846297341955
  img1) https://pbs.twimg.com/media/ExEP5RcVIAM1ymD?format=jpg&name=orig
  img2) https://pbs.twimg.com/media/ExEP5nwUYAMqelc?format=jpg&name=orig
334. 2021/03/22 00:08:24 https://twitter.com/Catshealdeprsn/status/1373849014840389638
  img1) https://pbs.twimg.com/media/ExDkYrkVoAcADdo?format=jpg&name=orig
  img2) https://pbs.twimg.com/media/ExDkZIzUUAEh1XI?format=jpg&name=orig
335. 2021/03/21 23:10:43 https://twitter.com/Catshealdeprsn/status/1373834496798195714
  img1) https://pbs.twimg.com/media/ExDXMB7UYAEw4bH?format=jpg&name=orig
  img2) https://pbs.twimg.com/media/ExDXMUHVgAYiJNj?format=jpg&name=orig
336. 2021/03/21 22:04:18 https://twitter.com/Catshealdeprsn/status/1373817783226494978
  vid1) https://video.twimg.com/ext_tw_video/1373817765539192834/pu/vid/256x320/E41NSR1gc1M3icrl.mp4?tag=12
337. 2021/03/21 14:36:16 https://twitter.com/Catshealdeprsn/status/1373705030394507264
  img1) https://pbs.twimg.com/media/ExBhXoUVIAI_cSE?format=jpg&name=orig
  img2) https://pbs.twimg.com/media/ExBhYRUVIAIzglY?format=jpg&name=orig
338. 2021/03/21 13:08:36 https://twitter.com/Catshealdeprsn/status/1373682971329187843
  img1) https://pbs.twimg.com/media/ExBNX1TVIAUuH4z?format=jpg&name=orig
  img2) https://pbs.twimg.com/media/ExBNYFmU8AIRPuo?format=jpg&name=orig
  img3) https://pbs.twimg.com/media/ExBNYYWVoAA9rlY?format=jpg&name=orig
339. 2021/03/21 12:20:28 https://twitter.com/Catshealdeprsn/status/1373670856459612166
  vid1) https://video.twimg.com/ext_tw_video/1373670658081624070/pu/vid/512x640/nwFodwwYOgK8BbC3.mp4?tag=12
340. 2021/03/21 11:14:03 https://twitter.com/Catshealdeprsn/status/1373654143148060672
  img1) https://pbs.twimg.com/media/ExAzKJ1VkAI66Bi?format=jpg&name=orig
  img2) https://pbs.twimg.com/media/ExAzKWyUcAIboE6?format=jpg&name=orig
341. 2021/03/21 10:01:39 https://twitter.com/Catshealdeprsn/status/1373635923028496396
  img1) https://pbs.twimg.com/media/ExAilbLUcAc_Dgm?format=jpg&name=orig
342. 2021/03/21 08:49:49 https://twitter.com/Catshealdeprsn/status/1373617846916325383
  img1) https://pbs.twimg.com/media/ExASJrNVgAY8i5a?format=jpg&name=orig
343. 2021/03/21 07:28:05 https://twitter.com/Catshealdeprsn/status/1373597277772599301
  vid1) https://video.twimg.com/ext_tw_video/1373597224802738177/pu/vid/228x320/tD7P_I-6vfgP1sr8.mp4?tag=12
344. 2021/03/21 06:14:10 https://twitter.com/Catshealdeprsn/status/1373578672603598858
  img1) https://pbs.twimg.com/media/Ew_ugrQVIAcu86k?format=jpg&name=orig
  img2) https://pbs.twimg.com/media/Ew_uhEwVcAEHnlz?format=jpg&name=orig
345. 2021/03/21 01:22:08 https://twitter.com/Catshealdeprsn/status/1373505180692406273
  vid1) https://video.twimg.com/ext_tw_video/1373505116708302855/pu/vid/480x480/Ro3CLjd4dNLQQ8VN.mp4?tag=12
346. 2021/03/21 00:03:06 https://twitter.com/Catshealdeprsn/status/1373485291009282054
  img1) https://pbs.twimg.com/media/Ew-Zl4yUUAEHa90?format=jpg&name=orig
347. 2021/03/20 22:36:11 https://twitter.com/Catshealdeprsn/status/1373463419915886593
  vid1) https://video.twimg.com/ext_tw_video/1373463405269413888/pu/vid/240x240/PGiaRa9jpfiBwDHL.mp4?tag=12
348. 2021/03/20 21:16:38 https://twitter.com/Catshealdeprsn/status/1373443400297455621
  img1) https://pbs.twimg.com/media/Ew9zefnUYAE3pQX?format=jpg&name=orig
  img2) https://pbs.twimg.com/media/Ew9zfGQU8AoytRD?format=jpg&name=orig
349. 2021/03/20 16:23:11 https://twitter.com/Catshealdeprsn/status/1373369551778287617
  img1) https://pbs.twimg.com/media/Ew8wU2WUYAMaQvL?format=jpg&name=orig
350. 2021/03/20 15:19:24 https://twitter.com/Catshealdeprsn/status/1373353497605804034
  img1) https://pbs.twimg.com/media/Ew8hugfVgAMy_gX?format=jpg&name=orig
351. 2021/03/20 13:43:45 https://twitter.com/Catshealdeprsn/status/1373329429682745346
  vid1) https://video.twimg.com/ext_tw_video/1373329331791884290/pu/vid/480x480/zQOR1ivfpVibFEh3.mp4?tag=12
352. 2021/03/20 12:41:49 https://twitter.com/Catshealdeprsn/status/1373313843489775618
  img1) https://pbs.twimg.com/media/Ew79pEaVkAM5-3w?format=jpg&name=orig
  img2) https://pbs.twimg.com/media/Ew79p5gU8AI0A4d?format=jpg&name=orig
353. 2021/03/20 11:36:59 https://twitter.com/Catshealdeprsn/status/1373297524748939265
  vid1) https://video.twimg.com/ext_tw_video/1373297442003709954/pu/vid/640x640/P0gFdB4vMrKvt4Xu.mp4?tag=12
354. 2021/03/20 10:05:56 https://twitter.com/Catshealdeprsn/status/1373274612960653314
  img1) https://pbs.twimg.com/media/Ew7Z-gkVkAErKPV?format=jpg&name=orig
  img2) https://pbs.twimg.com/media/Ew7Z-ujUcAgkexJ?format=jpg&name=orig
355. 2021/03/20 08:59:19 https://twitter.com/Catshealdeprsn/status/1373257846456950786
  vid1) https://video.twimg.com/ext_tw_video/1373257686251302913/pu/vid/480x592/DPQBnf6kyBr17t6M.mp4?tag=12
356. 2021/03/20 08:08:32 https://twitter.com/Catshealdeprsn/status/1373245066127413249
  img1) https://pbs.twimg.com/media/Ew6_GvFUcAIQBTX?format=jpg&name=orig
357. 2021/03/20 06:56:23 https://twitter.com/Catshealdeprsn/status/1373226909903974401
  vid1) https://video.twimg.com/ext_tw_video/1373226880166338560/pu/vid/610x640/DfrCUL4diwMpMpPL.mp4?tag=12
358. 2021/03/20 04:41:51 https://twitter.com/Catshealdeprsn/status/1373193053293350914
  vid1) https://video.twimg.com/ext_tw_video/1373192969553993730/pu/vid/352x640/toDmsmIsrgeY5ss4.mp4?tag=12
359. 2021/03/20 02:01:41 https://twitter.com/Catshealdeprsn/status/1373152747579576320
  img1) https://pbs.twimg.com/media/Ew5rIp-VgAAX3RD?format=jpg&name=orig
  img2) https://pbs.twimg.com/media/Ew5rJFSUUAMmiDl?format=jpg&name=orig
360. 2021/03/20 01:03:32 https://twitter.com/Catshealdeprsn/status/1373138113359355908
  img1) https://pbs.twimg.com/media/Ew5d0SeUUAEdpjM?format=jpg&name=orig
  img2) https://pbs.twimg.com/media/Ew5d0-lU8AcEe5T?format=jpg&name=orig
361. 2021/03/20 00:13:01 https://twitter.com/Catshealdeprsn/status/1373125398813241344
  vid1) https://video.twimg.com/ext_tw_video/1373125348091568549/pu/vid/352x640/nP9DSvp1x0YbZPeI.mp4?tag=12
362. 2021/03/19 22:48:13 https://twitter.com/Catshealdeprsn/status/1373104058689490949
  img1) https://pbs.twimg.com/media/Ew4-2brUcAIeUMD?format=jpg&name=orig
  img2) https://pbs.twimg.com/media/Ew4-3NGVcAIzq75?format=jpg&name=orig
363. 2021/03/19 21:47:04 https://twitter.com/Catshealdeprsn/status/1373088671738388481
  vid1) https://video.twimg.com/ext_tw_video/1373088609767542785/pu/vid/720x720/8UOD2KnZiKmoWfrN.mp4?tag=12
364. 2021/03/19 16:46:37 https://twitter.com/Catshealdeprsn/status/1373013058675642368
  vid1) https://video.twimg.com/ext_tw_video/1373012994897055746/pu/vid/358x640/2pTIXFasbwXMYm7R.mp4?tag=12
365. 2021/03/19 15:43:36 https://twitter.com/Catshealdeprsn/status/1372997202239389699
  img1) https://pbs.twimg.com/media/Ew3drVXU8AA0S41?format=jpg&name=orig
366. 2021/03/19 14:46:43 https://twitter.com/Catshealdeprsn/status/1372982887889342465
  vid1) https://video.twimg.com/ext_tw_video/1372982851856080898/pu/vid/640x640/kB2wBRqHbDk87teP.mp4?tag=12
367. 2021/03/19 13:50:42 https://twitter.com/Catshealdeprsn/status/1372968789785018371
  img1) https://pbs.twimg.com/media/Ew3Dz5uUUAICw6O?format=jpg&name=orig
  img2) https://pbs.twimg.com/media/Ew3D1HLU8AE9siI?format=jpg&name=orig
368. 2021/03/19 12:28:48 https://twitter.com/Catshealdeprsn/status/1372948179285516289
  vid1) https://video.twimg.com/ext_tw_video/1372948072314019840/pu/vid/358x640/emV9L9OztY2-ozjs.mp4?tag=12
369. 2021/03/19 11:26:04 https://twitter.com/Catshealdeprsn/status/1372932391510052867
  vid1) https://video.twimg.com/ext_tw_video/1372932113226338306/pu/vid/640x640/UlaL-F9ktTLQc87C.mp4?tag=12
370. 2021/03/19 10:55:04 https://twitter.com/Catshealdeprsn/status/1372924587638321159
  vid1) https://video.twimg.com/ext_tw_video/1372924496198344705/pu/vid/250x180/glz6xEf-mocFX_du.mp4?tag=12
371. 2021/03/19 09:51:50 https://twitter.com/Catshealdeprsn/status/1372908677145845765
  img1) https://pbs.twimg.com/media/Ew2NKbjVIAgjI7X?format=jpg&name=orig
  img2) https://pbs.twimg.com/media/Ew2NKmgU8AggLwb?format=jpg&name=orig
372. 2021/03/19 04:56:27 https://twitter.com/Catshealdeprsn/status/1372834340111982594
  img1) https://pbs.twimg.com/media/Ew1JiVtUcAQVWF0?format=jpg&name=orig
  img2) https://pbs.twimg.com/media/Ew1JjATVkAcMEsf?format=jpg&name=orig
373. 2021/03/19 03:00:32 https://twitter.com/Catshealdeprsn/status/1372805167762972683
  img1) https://pbs.twimg.com/media/Ew0vBNfVEAA2dLn?format=jpg&name=orig
374. 2021/03/19 01:59:22 https://twitter.com/Catshealdeprsn/status/1372789776764469250
  img1) https://pbs.twimg.com/media/Ew0hATiVkAU5Nc1?format=jpg&name=orig
  img2) https://pbs.twimg.com/media/Ew0hA09VIAMM3T0?format=jpg&name=orig
  img3) https://pbs.twimg.com/media/Ew0hBVuVkAIQEGF?format=jpg&name=orig
375. 2021/03/19 01:01:25 https://twitter.com/Catshealdeprsn/status/1372775193672708099
  img1) https://pbs.twimg.com/media/Ew0TwROVgAEjKf2?format=jpg&name=orig
  img2) https://pbs.twimg.com/media/Ew0TwvpVIAcM6kM?format=jpg&name=orig
376. 2021/03/18 23:53:24 https://twitter.com/Catshealdeprsn/status/1372758076189593600
  img1) https://pbs.twimg.com/media/Ew0ELYlVIAMhVO7?format=jpg&name=orig
  img2) https://pbs.twimg.com/media/Ew0ELoXVoAQlVwC?format=jpg&name=orig
  img3) https://pbs.twimg.com/media/Ew0EMGuVoAIQaan?format=jpg&name=orig
  img4) https://pbs.twimg.com/media/Ew0EMcWVoAUc21y?format=jpg&name=orig
377. 2021/03/18 22:57:17 https://twitter.com/Catshealdeprsn/status/1372743951535415297
  vid1) https://video.twimg.com/ext_tw_video/1372743835835453441/pu/vid/576x560/7UBB8RWrgvWLaYCY.mp4?tag=12
378. 2021/03/18 22:09:26 https://twitter.com/Catshealdeprsn/status/1372731911206887424
  img1) https://pbs.twimg.com/media/EwzsX1aVkAQxe_C?format=jpg&name=orig
  img2) https://pbs.twimg.com/media/EwzsY7ZVEAE7kUC?format=jpg&name=orig
379. 2021/03/18 20:58:00 https://twitter.com/Catshealdeprsn/status/1372713935812448259
  img1) https://pbs.twimg.com/media/EwzcC71VEAIiiP4?format=jpg&name=orig
  img2) https://pbs.twimg.com/media/EwzcDI_U8AAdhK2?format=jpg&name=orig
380. 2021/03/18 18:29:28 https://twitter.com/Catshealdeprsn/status/1372676556095586304
  vid1) https://video.twimg.com/ext_tw_video/1372676525439344644/pu/vid/240x320/-hwLKsQcIi2jLOza.mp4?tag=12
381. 2021/03/18 15:07:27 https://twitter.com/Catshealdeprsn/status/1372625714835451904
  img1) https://pbs.twimg.com/media/EwyLzayVoAEP-_i?format=jpg&name=orig
  img2) https://pbs.twimg.com/media/EwyLz60VoAAgOk8?format=jpg&name=orig
382. 2021/03/18 14:08:09 https://twitter.com/Catshealdeprsn/status/1372610794362302468
  vid1) https://video.twimg.com/ext_tw_video/1372609988573556738/pu/vid/432x640/H8YgQ-dXAL_0JwzC.mp4?tag=12
383. 2021/03/18 12:58:42 https://twitter.com/Catshealdeprsn/status/1372593316680757249
  img1) https://pbs.twimg.com/media/EwxuVIrVIAAF0kK?format=jpg&name=orig
  img2) https://pbs.twimg.com/media/EwxuWKYU8AQNxMS?format=jpg&name=orig
384. 2021/03/18 11:58:06 https://twitter.com/Catshealdeprsn/status/1372578066321481737
  img1) https://pbs.twimg.com/media/EwxgaPLUcAAJ79Q?format=jpg&name=orig
  img2) https://pbs.twimg.com/media/Ewxga5fVgAUfOoJ?format=jpg&name=orig
385. 2021/03/18 10:53:29 https://twitter.com/Catshealdeprsn/status/1372561804409200643
  vid1) https://video.twimg.com/ext_tw_video/1372561599874002946/pu/vid/438x640/1x5hGkMAgoZMpMGH.mp4?tag=12
386. 2021/03/18 09:09:45 https://twitter.com/Catshealdeprsn/status/1372535697832251393
  img1) https://pbs.twimg.com/media/Eww58CjVEAQsdG5?format=jpg&name=orig
  img2) https://pbs.twimg.com/media/Eww58T7UYAEPj_e?format=jpg&name=orig
387. 2021/03/18 08:07:57 https://twitter.com/Catshealdeprsn/status/1372520143725625349
  vid1) https://video.twimg.com/ext_tw_video/1372520077816307712/pu/vid/360x640/d1h2PWN1TY_7YHVa.mp4?tag=12
388. 2021/03/18 07:11:15 https://twitter.com/Catshealdeprsn/status/1372505874938228737
  vid1) https://video.twimg.com/ext_tw_video/1372505836287795202/pu/vid/480x854/wICAx5ul1qTCTUPx.mp4?tag=12
389. 2021/03/18 06:08:22 https://twitter.com/Catshealdeprsn/status/1372490052975005696
  img1) https://pbs.twimg.com/media/EwwQaXrVIAQTyfE?format=jpg&name=orig
  img2) https://pbs.twimg.com/media/EwwQbIfVoAAkMj4?format=jpg&name=orig
390. 2021/03/18 05:12:13 https://twitter.com/Catshealdeprsn/status/1372475921920237573
  img1) https://pbs.twimg.com/media/EwwDkKeUcAQZz66?format=jpg&name=orig
  img2) https://pbs.twimg.com/media/EwwDkqIU8AcB-Oy?format=jpg&name=orig
391. 2021/03/18 04:15:58 https://twitter.com/Catshealdeprsn/status/1372461764512641028
  img1) https://pbs.twimg.com/media/Ewv2scMUcAA-iQS?format=jpg&name=orig
392. 2021/03/17 23:29:02 https://twitter.com/Catshealdeprsn/status/1372389554464813058
  img1) https://pbs.twimg.com/media/Ewu1BnwUYAI5OST?format=jpg&name=orig
393. 2021/03/17 22:52:22 https://twitter.com/Catshealdeprsn/status/1372380328661151751
  vid1) https://video.twimg.com/ext_tw_video/1372380044484509699/pu/vid/640x800/qDamay-SLLAyvSpE.mp4?tag=12
394. 2021/03/17 20:24:00 https://twitter.com/Catshealdeprsn/status/1372342991650656258
  vid1) https://video.twimg.com/ext_tw_video/1372342943432937474/pu/vid/512x640/_rR7AHTMtL3b57lA.mp4?tag=12
395. 2021/03/17 16:56:43 https://twitter.com/Catshealdeprsn/status/1372290823929348110
  img1) https://pbs.twimg.com/media/EwtbOvQVgAEtn6_?format=jpg&name=orig
396. 2021/03/17 14:48:29 https://twitter.com/Catshealdeprsn/status/1372258554170597379
  vid1) https://video.twimg.com/ext_tw_video/1372258449577312258/pu/vid/512x640/RanxGJ1BshPPTjG0.mp4?tag=12
397. 2021/03/17 13:18:20 https://twitter.com/Catshealdeprsn/status/1372235869025837057
  vid1) https://video.twimg.com/ext_tw_video/1372235632815210501/pu/vid/512x640/9YG0VjgrSw0UMhEg.mp4?tag=12
398. 2021/03/17 12:06:04 https://twitter.com/Catshealdeprsn/status/1372217680942428161
  img1) https://pbs.twimg.com/media/EwsYsbnUUAUg-WG?format=jpg&name=orig
399. 2021/03/17 10:51:16 https://twitter.com/Catshealdeprsn/status/1372198855450632196
  vid1) https://video.twimg.com/ext_tw_video/1372198668808318976/pu/vid/358x640/8Rw8NcoN-o5gPmCR.mp4?tag=12
400. 2021/03/17 09:45:14 https://twitter.com/Catshealdeprsn/status/1372182238486437889
  img1) https://pbs.twimg.com/media/Ewr4eGcVEAc_Pn-?format=jpg&name=orig
401. 2021/03/17 08:24:43 https://twitter.com/Catshealdeprsn/status/1372161975308881921
  vid1) https://video.twimg.com/ext_tw_video/1372161796715421696/pu/vid/512x640/Cb3NbtjQitKoP8J2.mp4?tag=12
402. 2021/03/17 07:24:23 https://twitter.com/Catshealdeprsn/status/1372146792821792769
  img1) https://pbs.twimg.com/media/EwrYOnNUUA4tYHo?format=jpg&name=orig
  img2) https://pbs.twimg.com/media/EwrYPFLUUA0KAnE?format=jpg&name=orig
403. 2021/03/17 06:44:33 https://twitter.com/Catshealdeprsn/status/1372136769420812288
  img1) https://pbs.twimg.com/media/EwrPHa2VEAIYAU7?format=jpg&name=orig
  img2) https://pbs.twimg.com/media/EwrPHnuUcAAqlb8?format=jpg&name=orig
404. 2021/03/17 05:46:57 https://twitter.com/Catshealdeprsn/status/1372122275395248131
  vid1) https://video.twimg.com/ext_tw_video/1372122093131685888/pu/vid/720x720/Z2RqDVgoefrn7u5x.mp4?tag=12
405. 2021/03/17 03:09:33 https://twitter.com/Catshealdeprsn/status/1372082663494852611
  vid1) https://video.twimg.com/ext_tw_video/1372082522331312133/pu/vid/640x800/7zFCGXtfK3GNjtsv.mp4?tag=12
406. 2021/03/17 01:19:57 https://twitter.com/Catshealdeprsn/status/1372055081919520768
  img1) https://pbs.twimg.com/media/EwqE0MAVgAIUYTQ?format=jpg&name=orig
  img2) https://pbs.twimg.com/media/EwqE0YWU8AMjeIS?format=jpg&name=orig
407. 2021/03/17 00:35:06 https://twitter.com/Catshealdeprsn/status/1372043792920940544
  vid1) https://video.twimg.com/ext_tw_video/1372043755390263298/pu/vid/1280x720/oXyG-qMek8J0x4GP.mp4?tag=12
408. 2021/03/16 23:55:45 https://twitter.com/Catshealdeprsn/status/1372033889946857473
  img1) https://pbs.twimg.com/media/EwpxjG3VIAIji_9?format=jpg&name=orig
  img2) https://pbs.twimg.com/media/EwpxjQcVgAEJHsb?format=jpg&name=orig
409. 2021/03/16 23:19:31 https://twitter.com/Catshealdeprsn/status/1372024774696738817
  vid1) https://video.twimg.com/ext_tw_video/1372024575584706565/pu/vid/480x544/Klx_5NoQYf5_ISE_.mp4?tag=12
410. 2021/03/16 22:17:15 https://twitter.com/Catshealdeprsn/status/1372009103459975172
  img1) https://pbs.twimg.com/media/Ewpa_lSVkAAgyVz?format=jpg&name=orig
  img2) https://pbs.twimg.com/media/EwpbAKIVcAM6UWi?format=jpg&name=orig
411. 2021/03/16 21:17:10 https://twitter.com/Catshealdeprsn/status/1371993983895793667
  vid1) https://video.twimg.com/ext_tw_video/1371993935883563009/pu/vid/512x640/tJ0_UpCG7qa_HGbt.mp4?tag=12
412. 2021/03/16 15:31:36 https://twitter.com/Catshealdeprsn/status/1371907016982208517
  vid1) https://video.twimg.com/ext_tw_video/1371906952091947009/pu/vid/174x320/s2VupySuEsQo_KGr.mp4?tag=12
413. 2021/03/16 14:49:11 https://twitter.com/Catshealdeprsn/status/1371896342008696833
  vid1) https://video.twimg.com/ext_tw_video/1371896180125310977/pu/vid/576x656/T5jbSHawycaNT5cb.mp4?tag=12
414. 2021/03/16 13:41:23 https://twitter.com/Catshealdeprsn/status/1371879279055663111
  img1) https://pbs.twimg.com/media/Ewnk7r0VoAIuwaF?format=jpg&name=orig
415. 2021/03/16 12:45:07 https://twitter.com/Catshealdeprsn/status/1371865122608533506
  vid1) https://video.twimg.com/ext_tw_video/1371864879573831682/pu/vid/720x1280/Wq4Fb-Ezy9e4jc2M.mp4?tag=12
416. 2021/03/16 11:39:18 https://twitter.com/Catshealdeprsn/status/1371848557830021126
  vid1) https://video.twimg.com/ext_tw_video/1371848045399269378/pu/vid/480x480/xY_uHRWnwQ1KqcHS.mp4?tag=12
417. 2021/03/16 10:01:37 https://twitter.com/Catshealdeprsn/status/1371823973495803905
  vid1) https://video.twimg.com/ext_tw_video/1371823819141173253/pu/vid/362x640/pLMZuJ96ahpMx483.mp4?tag=12
418. 2021/03/16 09:15:10 https://twitter.com/Catshealdeprsn/status/1371812287237873673
  img1) https://pbs.twimg.com/media/Ewmn86KVcAEVeJi?format=jpg&name=orig
  img2) https://pbs.twimg.com/media/Ewmn_PwVcAEN_3g?format=jpg&name=orig
419. 2021/03/16 07:31:00 https://twitter.com/Catshealdeprsn/status/1371786069511864320
  vid1) https://video.twimg.com/ext_tw_video/1371785892352778243/pu/vid/544x640/rFppZo1ennuxy_x9.mp4?tag=12
420. 2021/03/16 05:55:21 https://twitter.com/Catshealdeprsn/status/1371761998870974468
  img1) https://pbs.twimg.com/media/Ewl6QReVcAIWLig?format=jpg&name=orig
  img2) https://pbs.twimg.com/media/Ewl6RGZUYAE2Su9?format=jpg&name=orig
421. 2021/03/15 23:31:20 https://twitter.com/Catshealdeprsn/status/1371665356922576902
  vid1) https://video.twimg.com/ext_tw_video/1371665286114336773/pu/vid/640x640/RC8k52Qq9QYlY1oI.mp4?tag=12
422. 2021/03/15 20:56:35 https://twitter.com/Catshealdeprsn/status/1371626413116194817
  img1) https://pbs.twimg.com/media/Ewj-8hnUUAMCnzm?format=jpg&name=orig
  img2) https://pbs.twimg.com/media/Ewj-892VoAEQVx8?format=jpg&name=orig
423. 2021/03/15 13:39:39 https://twitter.com/Catshealdeprsn/status/1371516456509173760
  img1) https://pbs.twimg.com/media/Ewia6_eVcAQfp50?format=jpg&name=orig
  img2) https://pbs.twimg.com/media/Ewia7-XUYAENakG?format=jpg&name=orig
424. 2021/03/15 11:57:37 https://twitter.com/Catshealdeprsn/status/1371490780523732993
  img1) https://pbs.twimg.com/media/EwiDlcmUcAI4oZt?format=jpg&name=orig
  img2) https://pbs.twimg.com/media/EwiDmEjVEAIR82O?format=jpg&name=orig
425. 2021/03/15 10:34:40 https://twitter.com/Catshealdeprsn/status/1371469902138073089
  vid1) https://video.twimg.com/ext_tw_video/1371469792629071876/pu/vid/512x640/-IdksRrKOz8jJ4lE.mp4?tag=12
426. 2021/03/15 09:17:33 https://twitter.com/Catshealdeprsn/status/1371450497542942724
  img1) https://pbs.twimg.com/media/Ewhey5AVEAUPx24?format=jpg&name=orig
  img2) https://pbs.twimg.com/media/Ewhe9CvVcAQ5X9k?format=jpg&name=orig
427. 2021/03/15 00:53:32 https://twitter.com/Catshealdeprsn/status/1371323655855075331
  img1) https://pbs.twimg.com/media/Ewfrl7sU8AgCMPj?format=jpg&name=orig
  img2) https://pbs.twimg.com/media/EwfrmLsU8AAsBtN?format=jpg&name=orig
428. 2021/03/14 18:30:34 https://twitter.com/Catshealdeprsn/status/1371227278479257603
  img1) https://pbs.twimg.com/media/EweT7BzU8AMJ9f-?format=jpg&name=orig
  img2) https://pbs.twimg.com/media/EweT7x4VoAMUWLt?format=jpg&name=orig
429. 2021/03/14 15:33:38 https://twitter.com/Catshealdeprsn/status/1371182755401273350
  vid1) https://video.twimg.com/ext_tw_video/1371182703651946496/pu/vid/576x1024/5F0qCusaDvZOOa-A.mp4?tag=12
430. 2021/03/14 15:01:00 https://twitter.com/Catshealdeprsn/status/1371174540835844099
  img1) https://pbs.twimg.com/media/Ewdj-FPVkAYlONa?format=jpg&name=orig
  img2) https://pbs.twimg.com/media/Ewdj-hDVEAgJPZO?format=jpg&name=orig
431. 2021/03/14 13:49:10 https://twitter.com/Catshealdeprsn/status/1371156463087841282
  img1) https://pbs.twimg.com/media/EwdTiA8VoAAWUUI?format=jpg&name=orig
  img2) https://pbs.twimg.com/media/EwdTiNdVkAAA2GI?format=jpg&name=orig
432. 2021/03/14 08:13:41 https://twitter.com/Catshealdeprsn/status/1371072036953489411
  vid1) https://video.twimg.com/ext_tw_video/1371071876638797830/pu/vid/480x724/Wh3kVRX5elt-czDF.mp4?tag=12
433. 2021/03/13 21:10:22 https://twitter.com/Catshealdeprsn/status/1370920209188417546
  img1) https://pbs.twimg.com/media/EwZ8owgUYAIB9x0?format=jpg&name=orig
  img2) https://pbs.twimg.com/media/EwZ8pFoVEAEbG_d?format=jpg&name=orig
  img3) https://pbs.twimg.com/media/EwZ8poRVkAIE3R6?format=jpg&name=orig
434. 2021/03/13 17:36:41 https://twitter.com/Catshealdeprsn/status/1370866430212644868
  img1) https://pbs.twimg.com/media/EwZLvwiUYAARz4z?format=jpg&name=orig
  img2) https://pbs.twimg.com/media/EwZLwICVcAElm8_?format=jpg&name=orig
435. 2021/03/13 16:22:22 https://twitter.com/Catshealdeprsn/status/1370847728675123200
  vid1) https://video.twimg.com/ext_tw_video/1370847665081085953/pu/vid/480x480/5mDSsk46KoF8ELWG.mp4?tag=12
436. 2021/03/13 13:53:45 https://twitter.com/Catshealdeprsn/status/1370810330562002945
  vid1) https://video.twimg.com/ext_tw_video/1370810170062761985/pu/vid/480x480/6UEaML6kNz0xos4y.mp4?tag=12
437. 2021/03/13 12:55:46 https://twitter.com/Catshealdeprsn/status/1370795737622007809
  vid1) https://video.twimg.com/ext_tw_video/1370795503776985089/pu/vid/576x1024/4TP0--UQDuNYr9Do.mp4?tag=12
438. 2021/03/13 12:09:52 https://twitter.com/Catshealdeprsn/status/1370784185086996480
  img1) https://pbs.twimg.com/media/EwYA6H3VcAUGdJh?format=jpg&name=orig
  img2) https://pbs.twimg.com/media/EwYA8xcVkAA5RxM?format=jpg&name=orig
439. 2021/03/13 10:40:42 https://twitter.com/Catshealdeprsn/status/1370761746038751236
  vid1) https://video.twimg.com/ext_tw_video/1370761484444176384/pu/vid/640x640/BnTLmmYYLdQx0P0G.mp4?tag=12
440. 2021/03/13 09:19:10 https://twitter.com/Catshealdeprsn/status/1370741226350125056
  vid1) https://video.twimg.com/ext_tw_video/1370741010972614661/pu/vid/576x720/zU_fzsXJyhbdTVmR.mp4?tag=12
441. 2021/03/12 22:31:24 https://twitter.com/Catshealdeprsn/status/1370578210199511043
  vid1) https://video.twimg.com/ext_tw_video/1370578154142662659/pu/vid/512x640/cxKr_eLFehkETUJ-.mp4?tag=12
442. 2021/03/12 20:09:58 https://twitter.com/Catshealdeprsn/status/1370542618673737728
  vid1) https://video.twimg.com/ext_tw_video/1370542599044431875/pu/vid/480x598/Dez140MT6jCTylH1.mp4?tag=12
443. 2021/03/12 18:56:03 https://twitter.com/Catshealdeprsn/status/1370524016939728896
  vid1) https://video.twimg.com/ext_tw_video/1370523939668041729/pu/vid/576x1024/uNNIsf3KAy8QJ86P.mp4?tag=12
444. 2021/03/12 13:52:43 https://twitter.com/Catshealdeprsn/status/1370447680531361792
  img1) https://pbs.twimg.com/media/EwTO5L9VIAAC4Ya?format=jpg&name=orig
  img2) https://pbs.twimg.com/media/EwTO5WmU8AASFSp?format=jpg&name=orig
  img3) https://pbs.twimg.com/media/EwTO5h9UcAQYUez?format=jpg&name=orig
  img4) https://pbs.twimg.com/media/EwTO5s3VIAMFVSG?format=jpg&name=orig
445. 2021/03/12 13:07:58 https://twitter.com/Catshealdeprsn/status/1370436417885630464
  img1) https://pbs.twimg.com/media/EwTEo8TUUAEr1L1?format=jpg&name=orig
  img2) https://pbs.twimg.com/media/EwTEpqSVIAIquaf?format=jpg&name=orig
446. 2021/03/12 11:43:40 https://twitter.com/Catshealdeprsn/status/1370415206350811142
  vid1) https://video.twimg.com/ext_tw_video/1370414636625846275/pu/vid/640x800/c5f3aVYJ-Zt-Y-Do.mp4?tag=12
447. 2021/03/12 10:18:13 https://twitter.com/Catshealdeprsn/status/1370393700379942917
  img1) https://pbs.twimg.com/media/EwSdxbRVgAkRTkr?format=jpg&name=orig
  img2) https://pbs.twimg.com/media/EwSdzmkVIAEYOM_?format=jpg&name=orig
448. 2021/03/12 03:36:09 https://twitter.com/Catshealdeprsn/status/1370292517912997890
  img1) https://pbs.twimg.com/media/EwRBxtdVEAI0FLD?format=jpg&name=orig
449. 2021/03/11 23:34:22 https://twitter.com/Catshealdeprsn/status/1370231669630726144
  vid1) https://video.twimg.com/ext_tw_video/1370231531835256832/pu/vid/640x800/NhFtJBxNjR29vTly.mp4?tag=12
450. 2021/03/11 21:40:36 https://twitter.com/Catshealdeprsn/status/1370203041090076674
  vid1) https://video.twimg.com/ext_tw_video/1370203014800109572/pu/vid/640x800/q5C-mXKtpBwmYiCf.mp4?tag=12
451. 2021/03/11 20:37:05 https://twitter.com/Catshealdeprsn/status/1370187053451780101
  img1) https://pbs.twimg.com/media/EwPh251UYAAzf3V?format=jpg&name=orig
452. 2021/03/11 19:59:46 https://twitter.com/Catshealdeprsn/status/1370177662237339648
  vid1) https://video.twimg.com/ext_tw_video/1370177598462914564/pu/vid/720x1280/fcIvAefvPO8540s3.mp4?tag=12
453. 2021/03/11 19:08:29 https://twitter.com/Catshealdeprsn/status/1370164757408325634
  vid1) https://video.twimg.com/ext_tw_video/1370164720729124865/pu/vid/640x720/YxR2cv3piiMSBeta.mp4?tag=12
454. 2021/03/11 14:46:33 https://twitter.com/Catshealdeprsn/status/1370098841748271105
  vid1) https://video.twimg.com/ext_tw_video/1370098803399815168/pu/vid/512x640/DycPFjoczCYTzzPU.mp4?tag=12
455. 2021/03/11 13:36:18 https://twitter.com/Catshealdeprsn/status/1370081160924073984
  vid1) https://video.twimg.com/ext_tw_video/1370081132453064708/pu/vid/320x320/1pPRWuYBdHK-oO7C.mp4?tag=12
456. 2021/03/11 12:41:29 https://twitter.com/Catshealdeprsn/status/1370067368538337281
  img1) https://pbs.twimg.com/media/EwN1ACbVEAEF1G0?format=jpg&name=orig
  img2) https://pbs.twimg.com/media/EwN1AWWUUAAxzs_?format=jpg&name=orig
  img3) https://pbs.twimg.com/media/EwN1AnlVkAAB53w?format=jpg&name=orig
457. 2021/03/11 11:35:03 https://twitter.com/Catshealdeprsn/status/1370050647354003459
  vid1) https://video.twimg.com/ext_tw_video/1370049990349844482/pu/vid/640x640/w4ekYETjpYkcaD1p.mp4?tag=12
458. 2021/03/11 10:30:23 https://twitter.com/Catshealdeprsn/status/1370034373534179329
  img1) https://pbs.twimg.com/media/EwNW-hOVcAEVpJB?format=jpg&name=orig
  img2) https://pbs.twimg.com/media/EwNW-tpVkAIIHis?format=jpg&name=orig
459. 2021/03/11 08:23:53 https://twitter.com/Catshealdeprsn/status/1370002538703900674
  img1) https://pbs.twimg.com/media/EwM6BBCVcAYc810?format=jpg&name=orig
  img2) https://pbs.twimg.com/media/EwM6BssVIAI42MN?format=jpg&name=orig
  img3) https://pbs.twimg.com/media/EwM6CXgU8AMBt0o?format=jpg&name=orig
  img4) https://pbs.twimg.com/media/EwM6DBzUcAA-5Tt?format=jpg&name=orig
460. 2021/03/11 07:29:46 https://twitter.com/Catshealdeprsn/status/1369988921262624769
  img1) https://pbs.twimg.com/media/EwMtpadVkAI-ghL?format=jpg&name=orig
  img2) https://pbs.twimg.com/media/EwMtqBcVEAAZL_W?format=jpg&name=orig
461. 2021/03/11 05:53:15 https://twitter.com/Catshealdeprsn/status/1369964630466912264
  vid1) https://video.twimg.com/ext_tw_video/1369964580793765890/pu/vid/540x960/Q308fmUIEiEryhmp.mp4?tag=12
462. 2021/03/11 04:46:39 https://twitter.com/Catshealdeprsn/status/1369947871018123266
  img1) https://pbs.twimg.com/media/EwMIUjBVIAAES1b?format=jpg&name=orig
  img2) https://pbs.twimg.com/media/EwMIU-qVoAITFGW?format=jpg&name=orig
463. 2021/03/11 02:17:48 https://twitter.com/Catshealdeprsn/status/1369910411043176453
  vid1) https://video.twimg.com/ext_tw_video/1369910326125154305/pu/vid/512x640/o5A3FojoahYaLrnf.mp4?tag=12
464. 2021/03/11 01:13:26 https://twitter.com/Catshealdeprsn/status/1369894211785420806
  img1) https://pbs.twimg.com/media/EwLXhWNUUAIaSvR?format=jpg&name=orig
  img2) https://pbs.twimg.com/media/EwLXhmrVgAA9JNh?format=jpg&name=orig
465. 2021/03/10 22:59:41 https://twitter.com/Catshealdeprsn/status/1369860551967272962
  img1) https://pbs.twimg.com/media/EwK45VFVcAEAGML?format=jpg&name=orig
466. 2021/03/10 20:25:35 https://twitter.com/Catshealdeprsn/status/1369821771499671556
  vid1) https://video.twimg.com/ext_tw_video/1369821721058963456/pu/vid/480x480/Du2QWmY_5Ae0l7rg.mp4?tag=12
467. 2021/03/10 18:14:00 https://twitter.com/Catshealdeprsn/status/1369788657343815681
  img1) https://pbs.twimg.com/media/EwJ3g8SUcAIAibb?format=jpg&name=orig
  img2) https://pbs.twimg.com/media/EwJ3hHvVoAIDMST?format=jpg&name=orig
  img3) https://pbs.twimg.com/media/EwJ3hVEVcAotJec?format=jpg&name=orig
  img4) https://pbs.twimg.com/media/EwJ3hheVoAUjS5P?format=jpg&name=orig
468. 2021/03/10 13:34:28 https://twitter.com/Catshealdeprsn/status/1369718311232045056
  vid1) https://video.twimg.com/ext_tw_video/1369718194449969154/pu/vid/640x640/n7tgaPh_wwIQS0qu.mp4?tag=12
469. 2021/03/10 11:56:37 https://twitter.com/Catshealdeprsn/status/1369693687966437377
  vid1) https://video.twimg.com/ext_tw_video/1369693622220640256/pu/vid/720x1280/b0UVjTB88tPdMdxa.mp4?tag=12
470. 2021/03/10 10:39:55 https://twitter.com/Catshealdeprsn/status/1369674383724216331
  vid1) https://video.twimg.com/ext_tw_video/1369674112772149252/pu/vid/624x1232/FphIN47-fwvC_0cN.mp4?tag=12
471. 2021/03/10 09:41:37 https://twitter.com/Catshealdeprsn/status/1369659711839080454
  vid1) https://video.twimg.com/ext_tw_video/1369659594570670083/pu/vid/640x800/gpvXg3tUBlEmO6Su.mp4?tag=12
472. 2021/03/09 11:06:57 https://twitter.com/Catshealdeprsn/status/1369318801460785152
  vid1) https://video.twimg.com/ext_tw_video/1369318589430390787/pu/vid/480x480/r9Pbb7XQ_Yh-sCJA.mp4?tag=12
473. 2021/03/08 13:48:20 https://twitter.com/Catshealdeprsn/status/1368997025312776195
  vid1) https://video.twimg.com/ext_tw_video/1368996984460222468/pu/vid/576x1024/CaPsUmJdOsLv7tkL.mp4?tag=12
--------------------------------------------------------------------------------
[Complete] 1368997025312776195 - 1386393660456017920  ( Tweet: 473 / Media: 690 )
